2020-04-11 10:02:26,677 INFO  [main] (StackLocator.java:71) Initializing Webswing 20.1
2020-04-11 10:02:27,036 INFO  [main] (StackLocator.java:71) Using Temp folder:/Users/ggar/Documents/codeprojects/webswing-examples-20.1/tmp/release
2020-04-11 10:02:27,036 INFO  [main] (StackLocator.java:71) Using Root folder:/Users/ggar/Documents/codeprojects/webswing-examples-20.1
2020-04-11 10:02:27,037 INFO  [main] (StackLocator.java:71) Using War file:file:/Users/ggar/Documents/codeprojects/webswing-examples-20.1/webswing-server.war
2020-04-11 10:02:27,037 INFO  [main] (StackLocator.java:71) Using Config file:file:/Users/ggar/Documents/codeprojects/webswing-examples-20.1/webswing.config
2020-04-11 10:02:27,204 INFO  [main] (StackLocator.java:71) Starting service JmsServiceImpl
2020-04-11 10:02:27,489 INFO  [main] (StackLocator.java:71) Starting service WebSocketServiceImpl
2020-04-11 10:02:29,499 INFO  [main] (StackLocator.java:71) Starting service ConfigurationServiceImpl
2020-04-11 10:02:29,676 INFO  [main] (StackLocator.java:71) Starting service ExtensionServiceImpl
2020-04-11 10:02:29,677 INFO  [main] (StackLocator.java:71) Initializing extension provider org.webswing.server.extension.DefaultExtensionProvider
2020-04-11 10:02:29,677 INFO  [main] (StackLocator.java:71) Starting service StatisticsLoggerServiceImpl
2020-04-11 10:02:29,678 INFO  [main] (StackLocator.java:71) Starting service SwingProcessServiceImpl
2020-04-11 10:02:29,678 INFO  [main] (StackLocator.java:71) Starting SecurityManagerServiceImpl
2020-04-11 10:02:30,279 INFO  [main] (StackLocator.java:71) Loading configured Applications.
2020-04-11 10:02:30,331 INFO  [main] (StackLocator.java:71) Installing application /swingset3
2020-04-11 10:02:30,335 INFO  [main] (StackLocator.java:71) Installing application /netbeans
2020-04-11 10:02:30,335 INFO  [main] (StackLocator.java:71) Installing application /applet
2020-04-11 10:02:30,336 INFO  [main] (StackLocator.java:71) Installing application /javafx
2020-04-11 10:02:30,739 INFO  [main] (StackLocator.java:71) Loading master security module.({module=EMBEDED, config={users=[{username=admin, password=pwd, roles=[admin]}, {username=support, password=pwd, roles=[support]}, {username=user, password=pwd}]}, classPath=[]}).
2020-04-11 10:05:34,160 ERROR [qtp991505714-67] (StackLocator.java:71) Java version 13 not supported in this version of Webswing.
2020-04-11 10:05:34,181 ERROR [qtp991505714-67] (StackLocator.java:71) Failed to create Application instance.
org.webswing.server.model.exception.WsException: Failed to create App instance.
	at org.webswing.server.services.swinginstance.SwingInstanceImpl.<init>(SwingInstanceImpl.java:154) ~[classes/:?]
	at org.webswing.server.services.swinginstance.SwingInstanceServiceImpl.create(SwingInstanceServiceImpl.java:32) ~[classes/:?]
	at org.webswing.server.services.swingmanager.SwingInstanceManagerImpl.startSwingInstance(SwingInstanceManagerImpl.java:144) [classes/:?]
	at org.webswing.server.services.swingmanager.SwingInstanceManagerImpl.connectView(SwingInstanceManagerImpl.java:130) [classes/:?]
	at org.webswing.server.services.websocket.WebSocketUrlHandlerImpl.onMessage(WebSocketUrlHandlerImpl.java:109) [classes/:?]
	at org.webswing.server.services.websocket.WebSocketAtmosphereHandler.onMessage(WebSocketAtmosphereHandler.java:55) [classes/:?]
	at org.webswing.server.services.websocket.WebSocketAtmosphereHandler.onRequest(WebSocketAtmosphereHandler.java:148) [classes/:?]
	at org.atmosphere.cpr.AsynchronousProcessor.action(AsynchronousProcessor.java:225) [atmosphere-runtime-2.4.30.jar:2.4.30]
	at org.atmosphere.cpr.AsynchronousProcessor.suspended(AsynchronousProcessor.java:114) [atmosphere-runtime-2.4.30.jar:2.4.30]
	at org.atmosphere.container.AbstractJetty9AsyncSupportWithWebSocket.service(AbstractJetty9AsyncSupportWithWebSocket.java:171) [atmosphere-runtime-2.4.30.jar:2.4.30]
	at org.atmosphere.container.Jetty9AsyncSupportWithWebSocket.service(Jetty9AsyncSupportWithWebSocket.java:35) [atmosphere-runtime-2.4.30.jar:2.4.30]
	at org.atmosphere.cpr.AtmosphereFramework.doCometSupport(AtmosphereFramework.java:2300) [atmosphere-runtime-2.4.30.jar:2.4.30]
	at org.webswing.server.services.websocket.SecuredAtmosphereFramework.secureServe(SecuredAtmosphereFramework.java:50) [classes/:?]
	at org.webswing.server.services.security.SecurityManagerServiceImpl$1.call(SecurityManagerServiceImpl.java:81) [classes/:?]
	at org.apache.shiro.subject.support.SubjectCallable.doCall(SubjectCallable.java:90) [shiro-core-1.5.2.jar:1.5.2]
	at org.apache.shiro.subject.support.SubjectCallable.call(SubjectCallable.java:83) [shiro-core-1.5.2.jar:1.5.2]
	at org.apache.shiro.subject.support.DelegatingSubject.execute(DelegatingSubject.java:387) [shiro-core-1.5.2.jar:1.5.2]
	at org.webswing.server.services.security.SecurityManagerServiceImpl.secure(SecurityManagerServiceImpl.java:78) [classes/:?]
	at org.webswing.server.services.websocket.SecuredAtmosphereFramework.doCometSupport(SecuredAtmosphereFramework.java:45) [classes/:?]
	at org.atmosphere.websocket.DefaultWebSocketProcessor.dispatch(DefaultWebSocketProcessor.java:594) [atmosphere-runtime-2.4.30.jar:2.4.30]
	at org.atmosphere.websocket.DefaultWebSocketProcessor$3.run(DefaultWebSocketProcessor.java:345) [atmosphere-runtime-2.4.30.jar:2.4.30]
	at org.atmosphere.util.VoidExecutorService.execute(VoidExecutorService.java:101) [atmosphere-runtime-2.4.30.jar:2.4.30]
	at org.atmosphere.websocket.DefaultWebSocketProcessor.dispatch(DefaultWebSocketProcessor.java:340) [atmosphere-runtime-2.4.30.jar:2.4.30]
	at org.atmosphere.websocket.DefaultWebSocketProcessor.invokeWebSocketProtocol(DefaultWebSocketProcessor.java:481) [atmosphere-runtime-2.4.30.jar:2.4.30]
	at org.atmosphere.container.Jetty9WebSocketHandler.onWebSocketBinary(Jetty9WebSocketHandler.java:76) [atmosphere-runtime-2.4.30.jar:2.4.30]
	at org.eclipse.jetty.websocket.common.events.JettyListenerEventDriver.onBinaryMessage(JettyListenerEventDriver.java:82) [WEB-INF_server-lib_websocket-common-9.4.18.v20190429.jar:9.4.18.v20190429]
	at org.eclipse.jetty.websocket.common.message.SimpleBinaryMessage.messageComplete(SimpleBinaryMessage.java:68) [WEB-INF_server-lib_websocket-common-9.4.18.v20190429.jar:9.4.18.v20190429]
	at org.eclipse.jetty.websocket.common.events.AbstractEventDriver.appendMessage(AbstractEventDriver.java:65) [WEB-INF_server-lib_websocket-common-9.4.18.v20190429.jar:9.4.18.v20190429]
	at org.eclipse.jetty.websocket.common.events.JettyListenerEventDriver.onBinaryFrame(JettyListenerEventDriver.java:68) [WEB-INF_server-lib_websocket-common-9.4.18.v20190429.jar:9.4.18.v20190429]
	at org.eclipse.jetty.websocket.common.events.AbstractEventDriver.incomingFrame(AbstractEventDriver.java:145) [WEB-INF_server-lib_websocket-common-9.4.18.v20190429.jar:9.4.18.v20190429]
	at org.eclipse.jetty.websocket.common.WebSocketSession.incomingFrame(WebSocketSession.java:319) [WEB-INF_server-lib_websocket-common-9.4.18.v20190429.jar:9.4.18.v20190429]
	at org.eclipse.jetty.websocket.common.extensions.AbstractExtension.nextIncomingFrame(AbstractExtension.java:147) [WEB-INF_server-lib_websocket-common-9.4.18.v20190429.jar:9.4.18.v20190429]
	at org.eclipse.jetty.websocket.common.extensions.compress.PerMessageDeflateExtension.nextIncomingFrame(PerMessageDeflateExtension.java:112) [WEB-INF_server-lib_websocket-common-9.4.18.v20190429.jar:9.4.18.v20190429]
	at org.eclipse.jetty.websocket.common.extensions.compress.CompressExtension.forwardIncoming(CompressExtension.java:142) [WEB-INF_server-lib_websocket-common-9.4.18.v20190429.jar:9.4.18.v20190429]
	at org.eclipse.jetty.websocket.common.extensions.compress.PerMessageDeflateExtension.incomingFrame(PerMessageDeflateExtension.java:92) [WEB-INF_server-lib_websocket-common-9.4.18.v20190429.jar:9.4.18.v20190429]
	at org.eclipse.jetty.websocket.common.extensions.ExtensionStack.incomingFrame(ExtensionStack.java:201) [WEB-INF_server-lib_websocket-common-9.4.18.v20190429.jar:9.4.18.v20190429]
	at org.eclipse.jetty.websocket.common.Parser.notifyFrame(Parser.java:226) [WEB-INF_server-lib_websocket-common-9.4.18.v20190429.jar:9.4.18.v20190429]
	at org.eclipse.jetty.websocket.common.Parser.parse(Parser.java:255) [WEB-INF_server-lib_websocket-common-9.4.18.v20190429.jar:9.4.18.v20190429]
	at org.eclipse.jetty.websocket.common.io.AbstractWebSocketConnection.readParse(AbstractWebSocketConnection.java:581) [WEB-INF_server-lib_websocket-common-9.4.18.v20190429.jar:9.4.18.v20190429]
	at org.eclipse.jetty.websocket.common.io.AbstractWebSocketConnection.onFillable(AbstractWebSocketConnection.java:434) [WEB-INF_server-lib_websocket-common-9.4.18.v20190429.jar:9.4.18.v20190429]
	at org.eclipse.jetty.io.AbstractConnection$ReadCallback.succeeded(AbstractConnection.java:305) [WEB-INF_server-lib_jetty-io-9.4.18.v20190429.jar:9.4.18.v20190429]
	at org.eclipse.jetty.io.FillInterest.fillable(FillInterest.java:103) [WEB-INF_server-lib_jetty-io-9.4.18.v20190429.jar:9.4.18.v20190429]
	at org.eclipse.jetty.io.ChannelEndPoint$2.run(ChannelEndPoint.java:117) [WEB-INF_server-lib_jetty-io-9.4.18.v20190429.jar:9.4.18.v20190429]
	at org.eclipse.jetty.util.thread.strategy.EatWhatYouKill.runTask(EatWhatYouKill.java:333) [WEB-INF_server-lib_jetty-util-9.4.18.v20190429.jar:9.4.18.v20190429]
	at org.eclipse.jetty.util.thread.strategy.EatWhatYouKill.doProduce(EatWhatYouKill.java:310) [WEB-INF_server-lib_jetty-util-9.4.18.v20190429.jar:9.4.18.v20190429]
	at org.eclipse.jetty.util.thread.strategy.EatWhatYouKill.tryProduce(EatWhatYouKill.java:168) [WEB-INF_server-lib_jetty-util-9.4.18.v20190429.jar:9.4.18.v20190429]
	at org.eclipse.jetty.util.thread.strategy.EatWhatYouKill.run(EatWhatYouKill.java:126) [WEB-INF_server-lib_jetty-util-9.4.18.v20190429.jar:9.4.18.v20190429]
	at org.eclipse.jetty.util.thread.ReservedThreadExecutor$ReservedThread.run(ReservedThreadExecutor.java:366) [WEB-INF_server-lib_jetty-util-9.4.18.v20190429.jar:9.4.18.v20190429]
	at org.eclipse.jetty.util.thread.QueuedThreadPool.runJob(QueuedThreadPool.java:698) [WEB-INF_server-lib_jetty-util-9.4.18.v20190429.jar:9.4.18.v20190429]
	at org.eclipse.jetty.util.thread.QueuedThreadPool$Runner.run(QueuedThreadPool.java:804) [WEB-INF_server-lib_jetty-util-9.4.18.v20190429.jar:9.4.18.v20190429]
	at java.lang.Thread.run(Thread.java:830) [?:?]
Caused by: java.lang.Exception: java.lang.RuntimeException: Java version not supported. (Versions starting with 1.8 and 11 are supported.)
	at org.webswing.server.services.swinginstance.SwingInstanceImpl.start(SwingInstanceImpl.java:699) ~[classes/:?]
	at org.webswing.server.services.swinginstance.SwingInstanceImpl.<init>(SwingInstanceImpl.java:150) ~[classes/:?]
	... 50 more
Caused by: java.lang.RuntimeException: Java version not supported. (Versions starting with 1.8 and 11 are supported.)
	at org.webswing.server.services.swinginstance.SwingInstanceImpl.start(SwingInstanceImpl.java:586) ~[classes/:?]
	at org.webswing.server.services.swinginstance.SwingInstanceImpl.<init>(SwingInstanceImpl.java:150) ~[classes/:?]
	... 50 more
2020-04-11 10:05:38,681 ERROR [qtp991505714-67] (StackLocator.java:71) Java version 13 not supported in this version of Webswing.
2020-04-11 10:05:38,690 ERROR [qtp991505714-67] (StackLocator.java:71) Failed to create Application instance.
org.webswing.server.model.exception.WsException: Failed to create App instance.
	at org.webswing.server.services.swinginstance.SwingInstanceImpl.<init>(SwingInstanceImpl.java:154) ~[classes/:?]
	at org.webswing.server.services.swinginstance.SwingInstanceServiceImpl.create(SwingInstanceServiceImpl.java:32) ~[classes/:?]
	at org.webswing.server.services.swingmanager.SwingInstanceManagerImpl.startSwingInstance(SwingInstanceManagerImpl.java:144) [classes/:?]
	at org.webswing.server.services.swingmanager.SwingInstanceManagerImpl.connectView(SwingInstanceManagerImpl.java:130) [classes/:?]
	at org.webswing.server.services.websocket.WebSocketUrlHandlerImpl.onMessage(WebSocketUrlHandlerImpl.java:109) [classes/:?]
	at org.webswing.server.services.websocket.WebSocketAtmosphereHandler.onMessage(WebSocketAtmosphereHandler.java:55) [classes/:?]
	at org.webswing.server.services.websocket.WebSocketAtmosphereHandler.onRequest(WebSocketAtmosphereHandler.java:148) [classes/:?]
	at org.atmosphere.cpr.AsynchronousProcessor.action(AsynchronousProcessor.java:225) [atmosphere-runtime-2.4.30.jar:2.4.30]
	at org.atmosphere.cpr.AsynchronousProcessor.suspended(AsynchronousProcessor.java:114) [atmosphere-runtime-2.4.30.jar:2.4.30]
	at org.atmosphere.container.AbstractJetty9AsyncSupportWithWebSocket.service(AbstractJetty9AsyncSupportWithWebSocket.java:171) [atmosphere-runtime-2.4.30.jar:2.4.30]
	at org.atmosphere.container.Jetty9AsyncSupportWithWebSocket.service(Jetty9AsyncSupportWithWebSocket.java:35) [atmosphere-runtime-2.4.30.jar:2.4.30]
	at org.atmosphere.cpr.AtmosphereFramework.doCometSupport(AtmosphereFramework.java:2300) [atmosphere-runtime-2.4.30.jar:2.4.30]
	at org.webswing.server.services.websocket.SecuredAtmosphereFramework.secureServe(SecuredAtmosphereFramework.java:50) [classes/:?]
	at org.webswing.server.services.security.SecurityManagerServiceImpl$1.call(SecurityManagerServiceImpl.java:81) [classes/:?]
	at org.apache.shiro.subject.support.SubjectCallable.doCall(SubjectCallable.java:90) [shiro-core-1.5.2.jar:1.5.2]
	at org.apache.shiro.subject.support.SubjectCallable.call(SubjectCallable.java:83) [shiro-core-1.5.2.jar:1.5.2]
	at org.apache.shiro.subject.support.DelegatingSubject.execute(DelegatingSubject.java:387) [shiro-core-1.5.2.jar:1.5.2]
	at org.webswing.server.services.security.SecurityManagerServiceImpl.secure(SecurityManagerServiceImpl.java:78) [classes/:?]
	at org.webswing.server.services.websocket.SecuredAtmosphereFramework.doCometSupport(SecuredAtmosphereFramework.java:45) [classes/:?]
	at org.atmosphere.websocket.DefaultWebSocketProcessor.dispatch(DefaultWebSocketProcessor.java:594) [atmosphere-runtime-2.4.30.jar:2.4.30]
	at org.atmosphere.websocket.DefaultWebSocketProcessor$3.run(DefaultWebSocketProcessor.java:345) [atmosphere-runtime-2.4.30.jar:2.4.30]
	at org.atmosphere.util.VoidExecutorService.execute(VoidExecutorService.java:101) [atmosphere-runtime-2.4.30.jar:2.4.30]
	at org.atmosphere.websocket.DefaultWebSocketProcessor.dispatch(DefaultWebSocketProcessor.java:340) [atmosphere-runtime-2.4.30.jar:2.4.30]
	at org.atmosphere.websocket.DefaultWebSocketProcessor.invokeWebSocketProtocol(DefaultWebSocketProcessor.java:481) [atmosphere-runtime-2.4.30.jar:2.4.30]
	at org.atmosphere.container.Jetty9WebSocketHandler.onWebSocketBinary(Jetty9WebSocketHandler.java:76) [atmosphere-runtime-2.4.30.jar:2.4.30]
	at org.eclipse.jetty.websocket.common.events.JettyListenerEventDriver.onBinaryMessage(JettyListenerEventDriver.java:82) [WEB-INF_server-lib_websocket-common-9.4.18.v20190429.jar:9.4.18.v20190429]
	at org.eclipse.jetty.websocket.common.message.SimpleBinaryMessage.messageComplete(SimpleBinaryMessage.java:68) [WEB-INF_server-lib_websocket-common-9.4.18.v20190429.jar:9.4.18.v20190429]
	at org.eclipse.jetty.websocket.common.events.AbstractEventDriver.appendMessage(AbstractEventDriver.java:65) [WEB-INF_server-lib_websocket-common-9.4.18.v20190429.jar:9.4.18.v20190429]
	at org.eclipse.jetty.websocket.common.events.JettyListenerEventDriver.onBinaryFrame(JettyListenerEventDriver.java:68) [WEB-INF_server-lib_websocket-common-9.4.18.v20190429.jar:9.4.18.v20190429]
	at org.eclipse.jetty.websocket.common.events.AbstractEventDriver.incomingFrame(AbstractEventDriver.java:145) [WEB-INF_server-lib_websocket-common-9.4.18.v20190429.jar:9.4.18.v20190429]
	at org.eclipse.jetty.websocket.common.WebSocketSession.incomingFrame(WebSocketSession.java:319) [WEB-INF_server-lib_websocket-common-9.4.18.v20190429.jar:9.4.18.v20190429]
	at org.eclipse.jetty.websocket.common.extensions.AbstractExtension.nextIncomingFrame(AbstractExtension.java:147) [WEB-INF_server-lib_websocket-common-9.4.18.v20190429.jar:9.4.18.v20190429]
	at org.eclipse.jetty.websocket.common.extensions.compress.PerMessageDeflateExtension.nextIncomingFrame(PerMessageDeflateExtension.java:112) [WEB-INF_server-lib_websocket-common-9.4.18.v20190429.jar:9.4.18.v20190429]
	at org.eclipse.jetty.websocket.common.extensions.compress.CompressExtension.forwardIncoming(CompressExtension.java:142) [WEB-INF_server-lib_websocket-common-9.4.18.v20190429.jar:9.4.18.v20190429]
	at org.eclipse.jetty.websocket.common.extensions.compress.PerMessageDeflateExtension.incomingFrame(PerMessageDeflateExtension.java:92) [WEB-INF_server-lib_websocket-common-9.4.18.v20190429.jar:9.4.18.v20190429]
	at org.eclipse.jetty.websocket.common.extensions.ExtensionStack.incomingFrame(ExtensionStack.java:201) [WEB-INF_server-lib_websocket-common-9.4.18.v20190429.jar:9.4.18.v20190429]
	at org.eclipse.jetty.websocket.common.Parser.notifyFrame(Parser.java:226) [WEB-INF_server-lib_websocket-common-9.4.18.v20190429.jar:9.4.18.v20190429]
	at org.eclipse.jetty.websocket.common.Parser.parse(Parser.java:255) [WEB-INF_server-lib_websocket-common-9.4.18.v20190429.jar:9.4.18.v20190429]
	at org.eclipse.jetty.websocket.common.io.AbstractWebSocketConnection.readParse(AbstractWebSocketConnection.java:581) [WEB-INF_server-lib_websocket-common-9.4.18.v20190429.jar:9.4.18.v20190429]
	at org.eclipse.jetty.websocket.common.io.AbstractWebSocketConnection.onFillable(AbstractWebSocketConnection.java:434) [WEB-INF_server-lib_websocket-common-9.4.18.v20190429.jar:9.4.18.v20190429]
	at org.eclipse.jetty.io.AbstractConnection$ReadCallback.succeeded(AbstractConnection.java:305) [WEB-INF_server-lib_jetty-io-9.4.18.v20190429.jar:9.4.18.v20190429]
	at org.eclipse.jetty.io.FillInterest.fillable(FillInterest.java:103) [WEB-INF_server-lib_jetty-io-9.4.18.v20190429.jar:9.4.18.v20190429]
	at org.eclipse.jetty.io.ChannelEndPoint$2.run(ChannelEndPoint.java:117) [WEB-INF_server-lib_jetty-io-9.4.18.v20190429.jar:9.4.18.v20190429]
	at org.eclipse.jetty.util.thread.strategy.EatWhatYouKill.runTask(EatWhatYouKill.java:333) [WEB-INF_server-lib_jetty-util-9.4.18.v20190429.jar:9.4.18.v20190429]
	at org.eclipse.jetty.util.thread.strategy.EatWhatYouKill.doProduce(EatWhatYouKill.java:310) [WEB-INF_server-lib_jetty-util-9.4.18.v20190429.jar:9.4.18.v20190429]
	at org.eclipse.jetty.util.thread.strategy.EatWhatYouKill.tryProduce(EatWhatYouKill.java:168) [WEB-INF_server-lib_jetty-util-9.4.18.v20190429.jar:9.4.18.v20190429]
	at org.eclipse.jetty.util.thread.strategy.EatWhatYouKill.run(EatWhatYouKill.java:126) [WEB-INF_server-lib_jetty-util-9.4.18.v20190429.jar:9.4.18.v20190429]
	at org.eclipse.jetty.util.thread.ReservedThreadExecutor$ReservedThread.run(ReservedThreadExecutor.java:366) [WEB-INF_server-lib_jetty-util-9.4.18.v20190429.jar:9.4.18.v20190429]
	at org.eclipse.jetty.util.thread.QueuedThreadPool.runJob(QueuedThreadPool.java:698) [WEB-INF_server-lib_jetty-util-9.4.18.v20190429.jar:9.4.18.v20190429]
	at org.eclipse.jetty.util.thread.QueuedThreadPool$Runner.run(QueuedThreadPool.java:804) [WEB-INF_server-lib_jetty-util-9.4.18.v20190429.jar:9.4.18.v20190429]
	at java.lang.Thread.run(Thread.java:830) [?:?]
Caused by: java.lang.Exception: java.lang.RuntimeException: Java version not supported. (Versions starting with 1.8 and 11 are supported.)
	at org.webswing.server.services.swinginstance.SwingInstanceImpl.start(SwingInstanceImpl.java:699) ~[classes/:?]
	at org.webswing.server.services.swinginstance.SwingInstanceImpl.<init>(SwingInstanceImpl.java:150) ~[classes/:?]
	... 50 more
Caused by: java.lang.RuntimeException: Java version not supported. (Versions starting with 1.8 and 11 are supported.)
	at org.webswing.server.services.swinginstance.SwingInstanceImpl.start(SwingInstanceImpl.java:586) ~[classes/:?]
	at org.webswing.server.services.swinginstance.SwingInstanceImpl.<init>(SwingInstanceImpl.java:150) ~[classes/:?]
	... 50 more
2020-04-11 10:05:42,661 ERROR [qtp991505714-40] (StackLocator.java:71) Java version 13 not supported in this version of Webswing.
2020-04-11 10:05:42,672 ERROR [qtp991505714-40] (StackLocator.java:71) Failed to create Application instance.
org.webswing.server.model.exception.WsException: Failed to create App instance.
	at org.webswing.server.services.swinginstance.SwingInstanceImpl.<init>(SwingInstanceImpl.java:154) ~[classes/:?]
	at org.webswing.server.services.swinginstance.SwingInstanceServiceImpl.create(SwingInstanceServiceImpl.java:32) ~[classes/:?]
	at org.webswing.server.services.swingmanager.SwingInstanceManagerImpl.startSwingInstance(SwingInstanceManagerImpl.java:144) [classes/:?]
	at org.webswing.server.services.swingmanager.SwingInstanceManagerImpl.connectView(SwingInstanceManagerImpl.java:130) [classes/:?]
	at org.webswing.server.services.websocket.WebSocketUrlHandlerImpl.onMessage(WebSocketUrlHandlerImpl.java:109) [classes/:?]
	at org.webswing.server.services.websocket.WebSocketAtmosphereHandler.onMessage(WebSocketAtmosphereHandler.java:55) [classes/:?]
	at org.webswing.server.services.websocket.WebSocketAtmosphereHandler.onRequest(WebSocketAtmosphereHandler.java:148) [classes/:?]
	at org.atmosphere.cpr.AsynchronousProcessor.action(AsynchronousProcessor.java:225) [atmosphere-runtime-2.4.30.jar:2.4.30]
	at org.atmosphere.cpr.AsynchronousProcessor.suspended(AsynchronousProcessor.java:114) [atmosphere-runtime-2.4.30.jar:2.4.30]
	at org.atmosphere.container.AbstractJetty9AsyncSupportWithWebSocket.service(AbstractJetty9AsyncSupportWithWebSocket.java:171) [atmosphere-runtime-2.4.30.jar:2.4.30]
	at org.atmosphere.container.Jetty9AsyncSupportWithWebSocket.service(Jetty9AsyncSupportWithWebSocket.java:35) [atmosphere-runtime-2.4.30.jar:2.4.30]
	at org.atmosphere.cpr.AtmosphereFramework.doCometSupport(AtmosphereFramework.java:2300) [atmosphere-runtime-2.4.30.jar:2.4.30]
	at org.webswing.server.services.websocket.SecuredAtmosphereFramework.secureServe(SecuredAtmosphereFramework.java:50) [classes/:?]
	at org.webswing.server.services.security.SecurityManagerServiceImpl$1.call(SecurityManagerServiceImpl.java:81) [classes/:?]
	at org.apache.shiro.subject.support.SubjectCallable.doCall(SubjectCallable.java:90) [shiro-core-1.5.2.jar:1.5.2]
	at org.apache.shiro.subject.support.SubjectCallable.call(SubjectCallable.java:83) [shiro-core-1.5.2.jar:1.5.2]
	at org.apache.shiro.subject.support.DelegatingSubject.execute(DelegatingSubject.java:387) [shiro-core-1.5.2.jar:1.5.2]
	at org.webswing.server.services.security.SecurityManagerServiceImpl.secure(SecurityManagerServiceImpl.java:78) [classes/:?]
	at org.webswing.server.services.websocket.SecuredAtmosphereFramework.doCometSupport(SecuredAtmosphereFramework.java:45) [classes/:?]
	at org.atmosphere.websocket.DefaultWebSocketProcessor.dispatch(DefaultWebSocketProcessor.java:594) [atmosphere-runtime-2.4.30.jar:2.4.30]
	at org.atmosphere.websocket.DefaultWebSocketProcessor$3.run(DefaultWebSocketProcessor.java:345) [atmosphere-runtime-2.4.30.jar:2.4.30]
	at org.atmosphere.util.VoidExecutorService.execute(VoidExecutorService.java:101) [atmosphere-runtime-2.4.30.jar:2.4.30]
	at org.atmosphere.websocket.DefaultWebSocketProcessor.dispatch(DefaultWebSocketProcessor.java:340) [atmosphere-runtime-2.4.30.jar:2.4.30]
	at org.atmosphere.websocket.DefaultWebSocketProcessor.invokeWebSocketProtocol(DefaultWebSocketProcessor.java:481) [atmosphere-runtime-2.4.30.jar:2.4.30]
	at org.atmosphere.container.Jetty9WebSocketHandler.onWebSocketBinary(Jetty9WebSocketHandler.java:76) [atmosphere-runtime-2.4.30.jar:2.4.30]
	at org.eclipse.jetty.websocket.common.events.JettyListenerEventDriver.onBinaryMessage(JettyListenerEventDriver.java:82) [WEB-INF_server-lib_websocket-common-9.4.18.v20190429.jar:9.4.18.v20190429]
	at org.eclipse.jetty.websocket.common.message.SimpleBinaryMessage.messageComplete(SimpleBinaryMessage.java:68) [WEB-INF_server-lib_websocket-common-9.4.18.v20190429.jar:9.4.18.v20190429]
	at org.eclipse.jetty.websocket.common.events.AbstractEventDriver.appendMessage(AbstractEventDriver.java:65) [WEB-INF_server-lib_websocket-common-9.4.18.v20190429.jar:9.4.18.v20190429]
	at org.eclipse.jetty.websocket.common.events.JettyListenerEventDriver.onBinaryFrame(JettyListenerEventDriver.java:68) [WEB-INF_server-lib_websocket-common-9.4.18.v20190429.jar:9.4.18.v20190429]
	at org.eclipse.jetty.websocket.common.events.AbstractEventDriver.incomingFrame(AbstractEventDriver.java:145) [WEB-INF_server-lib_websocket-common-9.4.18.v20190429.jar:9.4.18.v20190429]
	at org.eclipse.jetty.websocket.common.WebSocketSession.incomingFrame(WebSocketSession.java:319) [WEB-INF_server-lib_websocket-common-9.4.18.v20190429.jar:9.4.18.v20190429]
	at org.eclipse.jetty.websocket.common.extensions.AbstractExtension.nextIncomingFrame(AbstractExtension.java:147) [WEB-INF_server-lib_websocket-common-9.4.18.v20190429.jar:9.4.18.v20190429]
	at org.eclipse.jetty.websocket.common.extensions.compress.PerMessageDeflateExtension.nextIncomingFrame(PerMessageDeflateExtension.java:112) [WEB-INF_server-lib_websocket-common-9.4.18.v20190429.jar:9.4.18.v20190429]
	at org.eclipse.jetty.websocket.common.extensions.compress.CompressExtension.forwardIncoming(CompressExtension.java:142) [WEB-INF_server-lib_websocket-common-9.4.18.v20190429.jar:9.4.18.v20190429]
	at org.eclipse.jetty.websocket.common.extensions.compress.PerMessageDeflateExtension.incomingFrame(PerMessageDeflateExtension.java:92) [WEB-INF_server-lib_websocket-common-9.4.18.v20190429.jar:9.4.18.v20190429]
	at org.eclipse.jetty.websocket.common.extensions.ExtensionStack.incomingFrame(ExtensionStack.java:201) [WEB-INF_server-lib_websocket-common-9.4.18.v20190429.jar:9.4.18.v20190429]
	at org.eclipse.jetty.websocket.common.Parser.notifyFrame(Parser.java:226) [WEB-INF_server-lib_websocket-common-9.4.18.v20190429.jar:9.4.18.v20190429]
	at org.eclipse.jetty.websocket.common.Parser.parse(Parser.java:255) [WEB-INF_server-lib_websocket-common-9.4.18.v20190429.jar:9.4.18.v20190429]
	at org.eclipse.jetty.websocket.common.io.AbstractWebSocketConnection.readParse(AbstractWebSocketConnection.java:581) [WEB-INF_server-lib_websocket-common-9.4.18.v20190429.jar:9.4.18.v20190429]
	at org.eclipse.jetty.websocket.common.io.AbstractWebSocketConnection.onFillable(AbstractWebSocketConnection.java:434) [WEB-INF_server-lib_websocket-common-9.4.18.v20190429.jar:9.4.18.v20190429]
	at org.eclipse.jetty.io.AbstractConnection$ReadCallback.succeeded(AbstractConnection.java:305) [WEB-INF_server-lib_jetty-io-9.4.18.v20190429.jar:9.4.18.v20190429]
	at org.eclipse.jetty.io.FillInterest.fillable(FillInterest.java:103) [WEB-INF_server-lib_jetty-io-9.4.18.v20190429.jar:9.4.18.v20190429]
	at org.eclipse.jetty.io.ChannelEndPoint$2.run(ChannelEndPoint.java:117) [WEB-INF_server-lib_jetty-io-9.4.18.v20190429.jar:9.4.18.v20190429]
	at org.eclipse.jetty.util.thread.strategy.EatWhatYouKill.runTask(EatWhatYouKill.java:333) [WEB-INF_server-lib_jetty-util-9.4.18.v20190429.jar:9.4.18.v20190429]
	at org.eclipse.jetty.util.thread.strategy.EatWhatYouKill.doProduce(EatWhatYouKill.java:310) [WEB-INF_server-lib_jetty-util-9.4.18.v20190429.jar:9.4.18.v20190429]
	at org.eclipse.jetty.util.thread.strategy.EatWhatYouKill.tryProduce(EatWhatYouKill.java:168) [WEB-INF_server-lib_jetty-util-9.4.18.v20190429.jar:9.4.18.v20190429]
	at org.eclipse.jetty.util.thread.strategy.EatWhatYouKill.run(EatWhatYouKill.java:126) [WEB-INF_server-lib_jetty-util-9.4.18.v20190429.jar:9.4.18.v20190429]
	at org.eclipse.jetty.util.thread.ReservedThreadExecutor$ReservedThread.run(ReservedThreadExecutor.java:366) [WEB-INF_server-lib_jetty-util-9.4.18.v20190429.jar:9.4.18.v20190429]
	at org.eclipse.jetty.util.thread.QueuedThreadPool.runJob(QueuedThreadPool.java:698) [WEB-INF_server-lib_jetty-util-9.4.18.v20190429.jar:9.4.18.v20190429]
	at org.eclipse.jetty.util.thread.QueuedThreadPool$Runner.run(QueuedThreadPool.java:804) [WEB-INF_server-lib_jetty-util-9.4.18.v20190429.jar:9.4.18.v20190429]
	at java.lang.Thread.run(Thread.java:830) [?:?]
Caused by: java.lang.Exception: java.lang.RuntimeException: Java version not supported. (Versions starting with 1.8 and 11 are supported.)
	at org.webswing.server.services.swinginstance.SwingInstanceImpl.start(SwingInstanceImpl.java:699) ~[classes/:?]
	at org.webswing.server.services.swinginstance.SwingInstanceImpl.<init>(SwingInstanceImpl.java:150) ~[classes/:?]
	... 50 more
Caused by: java.lang.RuntimeException: Java version not supported. (Versions starting with 1.8 and 11 are supported.)
	at org.webswing.server.services.swinginstance.SwingInstanceImpl.start(SwingInstanceImpl.java:586) ~[classes/:?]
	at org.webswing.server.services.swinginstance.SwingInstanceImpl.<init>(SwingInstanceImpl.java:150) ~[classes/:?]
	... 50 more
2020-04-11 10:05:43,565 ERROR [qtp991505714-40] (StackLocator.java:71) Java version 13 not supported in this version of Webswing.
2020-04-11 10:05:43,576 ERROR [qtp991505714-40] (StackLocator.java:71) Failed to create Application instance.
org.webswing.server.model.exception.WsException: Failed to create App instance.
	at org.webswing.server.services.swinginstance.SwingInstanceImpl.<init>(SwingInstanceImpl.java:154) ~[classes/:?]
	at org.webswing.server.services.swinginstance.SwingInstanceServiceImpl.create(SwingInstanceServiceImpl.java:32) ~[classes/:?]
	at org.webswing.server.services.swingmanager.SwingInstanceManagerImpl.startSwingInstance(SwingInstanceManagerImpl.java:144) [classes/:?]
	at org.webswing.server.services.swingmanager.SwingInstanceManagerImpl.connectView(SwingInstanceManagerImpl.java:130) [classes/:?]
	at org.webswing.server.services.websocket.WebSocketUrlHandlerImpl.onMessage(WebSocketUrlHandlerImpl.java:109) [classes/:?]
	at org.webswing.server.services.websocket.WebSocketAtmosphereHandler.onMessage(WebSocketAtmosphereHandler.java:55) [classes/:?]
	at org.webswing.server.services.websocket.WebSocketAtmosphereHandler.onRequest(WebSocketAtmosphereHandler.java:148) [classes/:?]
	at org.atmosphere.cpr.AsynchronousProcessor.action(AsynchronousProcessor.java:225) [atmosphere-runtime-2.4.30.jar:2.4.30]
	at org.atmosphere.cpr.AsynchronousProcessor.suspended(AsynchronousProcessor.java:114) [atmosphere-runtime-2.4.30.jar:2.4.30]
	at org.atmosphere.container.AbstractJetty9AsyncSupportWithWebSocket.service(AbstractJetty9AsyncSupportWithWebSocket.java:171) [atmosphere-runtime-2.4.30.jar:2.4.30]
	at org.atmosphere.container.Jetty9AsyncSupportWithWebSocket.service(Jetty9AsyncSupportWithWebSocket.java:35) [atmosphere-runtime-2.4.30.jar:2.4.30]
	at org.atmosphere.cpr.AtmosphereFramework.doCometSupport(AtmosphereFramework.java:2300) [atmosphere-runtime-2.4.30.jar:2.4.30]
	at org.webswing.server.services.websocket.SecuredAtmosphereFramework.secureServe(SecuredAtmosphereFramework.java:50) [classes/:?]
	at org.webswing.server.services.security.SecurityManagerServiceImpl$1.call(SecurityManagerServiceImpl.java:81) [classes/:?]
	at org.apache.shiro.subject.support.SubjectCallable.doCall(SubjectCallable.java:90) [shiro-core-1.5.2.jar:1.5.2]
	at org.apache.shiro.subject.support.SubjectCallable.call(SubjectCallable.java:83) [shiro-core-1.5.2.jar:1.5.2]
	at org.apache.shiro.subject.support.DelegatingSubject.execute(DelegatingSubject.java:387) [shiro-core-1.5.2.jar:1.5.2]
	at org.webswing.server.services.security.SecurityManagerServiceImpl.secure(SecurityManagerServiceImpl.java:78) [classes/:?]
	at org.webswing.server.services.websocket.SecuredAtmosphereFramework.doCometSupport(SecuredAtmosphereFramework.java:45) [classes/:?]
	at org.atmosphere.websocket.DefaultWebSocketProcessor.dispatch(DefaultWebSocketProcessor.java:594) [atmosphere-runtime-2.4.30.jar:2.4.30]
	at org.atmosphere.websocket.DefaultWebSocketProcessor$3.run(DefaultWebSocketProcessor.java:345) [atmosphere-runtime-2.4.30.jar:2.4.30]
	at org.atmosphere.util.VoidExecutorService.execute(VoidExecutorService.java:101) [atmosphere-runtime-2.4.30.jar:2.4.30]
	at org.atmosphere.websocket.DefaultWebSocketProcessor.dispatch(DefaultWebSocketProcessor.java:340) [atmosphere-runtime-2.4.30.jar:2.4.30]
	at org.atmosphere.websocket.DefaultWebSocketProcessor.invokeWebSocketProtocol(DefaultWebSocketProcessor.java:481) [atmosphere-runtime-2.4.30.jar:2.4.30]
	at org.atmosphere.container.Jetty9WebSocketHandler.onWebSocketBinary(Jetty9WebSocketHandler.java:76) [atmosphere-runtime-2.4.30.jar:2.4.30]
	at org.eclipse.jetty.websocket.common.events.JettyListenerEventDriver.onBinaryMessage(JettyListenerEventDriver.java:82) [WEB-INF_server-lib_websocket-common-9.4.18.v20190429.jar:9.4.18.v20190429]
	at org.eclipse.jetty.websocket.common.message.SimpleBinaryMessage.messageComplete(SimpleBinaryMessage.java:68) [WEB-INF_server-lib_websocket-common-9.4.18.v20190429.jar:9.4.18.v20190429]
	at org.eclipse.jetty.websocket.common.events.AbstractEventDriver.appendMessage(AbstractEventDriver.java:65) [WEB-INF_server-lib_websocket-common-9.4.18.v20190429.jar:9.4.18.v20190429]
	at org.eclipse.jetty.websocket.common.events.JettyListenerEventDriver.onBinaryFrame(JettyListenerEventDriver.java:68) [WEB-INF_server-lib_websocket-common-9.4.18.v20190429.jar:9.4.18.v20190429]
	at org.eclipse.jetty.websocket.common.events.AbstractEventDriver.incomingFrame(AbstractEventDriver.java:145) [WEB-INF_server-lib_websocket-common-9.4.18.v20190429.jar:9.4.18.v20190429]
	at org.eclipse.jetty.websocket.common.WebSocketSession.incomingFrame(WebSocketSession.java:319) [WEB-INF_server-lib_websocket-common-9.4.18.v20190429.jar:9.4.18.v20190429]
	at org.eclipse.jetty.websocket.common.extensions.AbstractExtension.nextIncomingFrame(AbstractExtension.java:147) [WEB-INF_server-lib_websocket-common-9.4.18.v20190429.jar:9.4.18.v20190429]
	at org.eclipse.jetty.websocket.common.extensions.compress.PerMessageDeflateExtension.nextIncomingFrame(PerMessageDeflateExtension.java:112) [WEB-INF_server-lib_websocket-common-9.4.18.v20190429.jar:9.4.18.v20190429]
	at org.eclipse.jetty.websocket.common.extensions.compress.CompressExtension.forwardIncoming(CompressExtension.java:142) [WEB-INF_server-lib_websocket-common-9.4.18.v20190429.jar:9.4.18.v20190429]
	at org.eclipse.jetty.websocket.common.extensions.compress.PerMessageDeflateExtension.incomingFrame(PerMessageDeflateExtension.java:92) [WEB-INF_server-lib_websocket-common-9.4.18.v20190429.jar:9.4.18.v20190429]
	at org.eclipse.jetty.websocket.common.extensions.ExtensionStack.incomingFrame(ExtensionStack.java:201) [WEB-INF_server-lib_websocket-common-9.4.18.v20190429.jar:9.4.18.v20190429]
	at org.eclipse.jetty.websocket.common.Parser.notifyFrame(Parser.java:226) [WEB-INF_server-lib_websocket-common-9.4.18.v20190429.jar:9.4.18.v20190429]
	at org.eclipse.jetty.websocket.common.Parser.parse(Parser.java:255) [WEB-INF_server-lib_websocket-common-9.4.18.v20190429.jar:9.4.18.v20190429]
	at org.eclipse.jetty.websocket.common.io.AbstractWebSocketConnection.readParse(AbstractWebSocketConnection.java:581) [WEB-INF_server-lib_websocket-common-9.4.18.v20190429.jar:9.4.18.v20190429]
	at org.eclipse.jetty.websocket.common.io.AbstractWebSocketConnection.onFillable(AbstractWebSocketConnection.java:434) [WEB-INF_server-lib_websocket-common-9.4.18.v20190429.jar:9.4.18.v20190429]
	at org.eclipse.jetty.io.AbstractConnection$ReadCallback.succeeded(AbstractConnection.java:305) [WEB-INF_server-lib_jetty-io-9.4.18.v20190429.jar:9.4.18.v20190429]
	at org.eclipse.jetty.io.FillInterest.fillable(FillInterest.java:103) [WEB-INF_server-lib_jetty-io-9.4.18.v20190429.jar:9.4.18.v20190429]
	at org.eclipse.jetty.io.ChannelEndPoint$2.run(ChannelEndPoint.java:117) [WEB-INF_server-lib_jetty-io-9.4.18.v20190429.jar:9.4.18.v20190429]
	at org.eclipse.jetty.util.thread.strategy.EatWhatYouKill.runTask(EatWhatYouKill.java:333) [WEB-INF_server-lib_jetty-util-9.4.18.v20190429.jar:9.4.18.v20190429]
	at org.eclipse.jetty.util.thread.strategy.EatWhatYouKill.doProduce(EatWhatYouKill.java:310) [WEB-INF_server-lib_jetty-util-9.4.18.v20190429.jar:9.4.18.v20190429]
	at org.eclipse.jetty.util.thread.strategy.EatWhatYouKill.tryProduce(EatWhatYouKill.java:168) [WEB-INF_server-lib_jetty-util-9.4.18.v20190429.jar:9.4.18.v20190429]
	at org.eclipse.jetty.util.thread.strategy.EatWhatYouKill.run(EatWhatYouKill.java:126) [WEB-INF_server-lib_jetty-util-9.4.18.v20190429.jar:9.4.18.v20190429]
	at org.eclipse.jetty.util.thread.ReservedThreadExecutor$ReservedThread.run(ReservedThreadExecutor.java:366) [WEB-INF_server-lib_jetty-util-9.4.18.v20190429.jar:9.4.18.v20190429]
	at org.eclipse.jetty.util.thread.QueuedThreadPool.runJob(QueuedThreadPool.java:698) [WEB-INF_server-lib_jetty-util-9.4.18.v20190429.jar:9.4.18.v20190429]
	at org.eclipse.jetty.util.thread.QueuedThreadPool$Runner.run(QueuedThreadPool.java:804) [WEB-INF_server-lib_jetty-util-9.4.18.v20190429.jar:9.4.18.v20190429]
	at java.lang.Thread.run(Thread.java:830) [?:?]
Caused by: java.lang.Exception: java.lang.RuntimeException: Java version not supported. (Versions starting with 1.8 and 11 are supported.)
	at org.webswing.server.services.swinginstance.SwingInstanceImpl.start(SwingInstanceImpl.java:699) ~[classes/:?]
	at org.webswing.server.services.swinginstance.SwingInstanceImpl.<init>(SwingInstanceImpl.java:150) ~[classes/:?]
	... 50 more
Caused by: java.lang.RuntimeException: Java version not supported. (Versions starting with 1.8 and 11 are supported.)
	at org.webswing.server.services.swinginstance.SwingInstanceImpl.start(SwingInstanceImpl.java:586) ~[classes/:?]
	at org.webswing.server.services.swinginstance.SwingInstanceImpl.<init>(SwingInstanceImpl.java:150) ~[classes/:?]
	... 50 more
2020-04-11 10:05:44,891 ERROR [qtp991505714-40] (StackLocator.java:71) Java version 13 not supported in this version of Webswing.
2020-04-11 10:05:44,898 ERROR [qtp991505714-40] (StackLocator.java:71) Failed to create Application instance.
org.webswing.server.model.exception.WsException: Failed to create App instance.
	at org.webswing.server.services.swinginstance.SwingInstanceImpl.<init>(SwingInstanceImpl.java:154) ~[classes/:?]
	at org.webswing.server.services.swinginstance.SwingInstanceServiceImpl.create(SwingInstanceServiceImpl.java:32) ~[classes/:?]
	at org.webswing.server.services.swingmanager.SwingInstanceManagerImpl.startSwingInstance(SwingInstanceManagerImpl.java:144) [classes/:?]
	at org.webswing.server.services.swingmanager.SwingInstanceManagerImpl.connectView(SwingInstanceManagerImpl.java:130) [classes/:?]
	at org.webswing.server.services.websocket.WebSocketUrlHandlerImpl.onMessage(WebSocketUrlHandlerImpl.java:109) [classes/:?]
	at org.webswing.server.services.websocket.WebSocketAtmosphereHandler.onMessage(WebSocketAtmosphereHandler.java:55) [classes/:?]
	at org.webswing.server.services.websocket.WebSocketAtmosphereHandler.onRequest(WebSocketAtmosphereHandler.java:148) [classes/:?]
	at org.atmosphere.cpr.AsynchronousProcessor.action(AsynchronousProcessor.java:225) [atmosphere-runtime-2.4.30.jar:2.4.30]
	at org.atmosphere.cpr.AsynchronousProcessor.suspended(AsynchronousProcessor.java:114) [atmosphere-runtime-2.4.30.jar:2.4.30]
	at org.atmosphere.container.AbstractJetty9AsyncSupportWithWebSocket.service(AbstractJetty9AsyncSupportWithWebSocket.java:171) [atmosphere-runtime-2.4.30.jar:2.4.30]
	at org.atmosphere.container.Jetty9AsyncSupportWithWebSocket.service(Jetty9AsyncSupportWithWebSocket.java:35) [atmosphere-runtime-2.4.30.jar:2.4.30]
	at org.atmosphere.cpr.AtmosphereFramework.doCometSupport(AtmosphereFramework.java:2300) [atmosphere-runtime-2.4.30.jar:2.4.30]
	at org.webswing.server.services.websocket.SecuredAtmosphereFramework.secureServe(SecuredAtmosphereFramework.java:50) [classes/:?]
	at org.webswing.server.services.security.SecurityManagerServiceImpl$1.call(SecurityManagerServiceImpl.java:81) [classes/:?]
	at org.apache.shiro.subject.support.SubjectCallable.doCall(SubjectCallable.java:90) [shiro-core-1.5.2.jar:1.5.2]
	at org.apache.shiro.subject.support.SubjectCallable.call(SubjectCallable.java:83) [shiro-core-1.5.2.jar:1.5.2]
	at org.apache.shiro.subject.support.DelegatingSubject.execute(DelegatingSubject.java:387) [shiro-core-1.5.2.jar:1.5.2]
	at org.webswing.server.services.security.SecurityManagerServiceImpl.secure(SecurityManagerServiceImpl.java:78) [classes/:?]
	at org.webswing.server.services.websocket.SecuredAtmosphereFramework.doCometSupport(SecuredAtmosphereFramework.java:45) [classes/:?]
	at org.atmosphere.websocket.DefaultWebSocketProcessor.dispatch(DefaultWebSocketProcessor.java:594) [atmosphere-runtime-2.4.30.jar:2.4.30]
	at org.atmosphere.websocket.DefaultWebSocketProcessor$3.run(DefaultWebSocketProcessor.java:345) [atmosphere-runtime-2.4.30.jar:2.4.30]
	at org.atmosphere.util.VoidExecutorService.execute(VoidExecutorService.java:101) [atmosphere-runtime-2.4.30.jar:2.4.30]
	at org.atmosphere.websocket.DefaultWebSocketProcessor.dispatch(DefaultWebSocketProcessor.java:340) [atmosphere-runtime-2.4.30.jar:2.4.30]
	at org.atmosphere.websocket.DefaultWebSocketProcessor.invokeWebSocketProtocol(DefaultWebSocketProcessor.java:481) [atmosphere-runtime-2.4.30.jar:2.4.30]
	at org.atmosphere.container.Jetty9WebSocketHandler.onWebSocketBinary(Jetty9WebSocketHandler.java:76) [atmosphere-runtime-2.4.30.jar:2.4.30]
	at org.eclipse.jetty.websocket.common.events.JettyListenerEventDriver.onBinaryMessage(JettyListenerEventDriver.java:82) [WEB-INF_server-lib_websocket-common-9.4.18.v20190429.jar:9.4.18.v20190429]
	at org.eclipse.jetty.websocket.common.message.SimpleBinaryMessage.messageComplete(SimpleBinaryMessage.java:68) [WEB-INF_server-lib_websocket-common-9.4.18.v20190429.jar:9.4.18.v20190429]
	at org.eclipse.jetty.websocket.common.events.AbstractEventDriver.appendMessage(AbstractEventDriver.java:65) [WEB-INF_server-lib_websocket-common-9.4.18.v20190429.jar:9.4.18.v20190429]
	at org.eclipse.jetty.websocket.common.events.JettyListenerEventDriver.onBinaryFrame(JettyListenerEventDriver.java:68) [WEB-INF_server-lib_websocket-common-9.4.18.v20190429.jar:9.4.18.v20190429]
	at org.eclipse.jetty.websocket.common.events.AbstractEventDriver.incomingFrame(AbstractEventDriver.java:145) [WEB-INF_server-lib_websocket-common-9.4.18.v20190429.jar:9.4.18.v20190429]
	at org.eclipse.jetty.websocket.common.WebSocketSession.incomingFrame(WebSocketSession.java:319) [WEB-INF_server-lib_websocket-common-9.4.18.v20190429.jar:9.4.18.v20190429]
	at org.eclipse.jetty.websocket.common.extensions.AbstractExtension.nextIncomingFrame(AbstractExtension.java:147) [WEB-INF_server-lib_websocket-common-9.4.18.v20190429.jar:9.4.18.v20190429]
	at org.eclipse.jetty.websocket.common.extensions.compress.PerMessageDeflateExtension.nextIncomingFrame(PerMessageDeflateExtension.java:112) [WEB-INF_server-lib_websocket-common-9.4.18.v20190429.jar:9.4.18.v20190429]
	at org.eclipse.jetty.websocket.common.extensions.compress.CompressExtension.forwardIncoming(CompressExtension.java:142) [WEB-INF_server-lib_websocket-common-9.4.18.v20190429.jar:9.4.18.v20190429]
	at org.eclipse.jetty.websocket.common.extensions.compress.PerMessageDeflateExtension.incomingFrame(PerMessageDeflateExtension.java:92) [WEB-INF_server-lib_websocket-common-9.4.18.v20190429.jar:9.4.18.v20190429]
	at org.eclipse.jetty.websocket.common.extensions.ExtensionStack.incomingFrame(ExtensionStack.java:201) [WEB-INF_server-lib_websocket-common-9.4.18.v20190429.jar:9.4.18.v20190429]
	at org.eclipse.jetty.websocket.common.Parser.notifyFrame(Parser.java:226) [WEB-INF_server-lib_websocket-common-9.4.18.v20190429.jar:9.4.18.v20190429]
	at org.eclipse.jetty.websocket.common.Parser.parse(Parser.java:255) [WEB-INF_server-lib_websocket-common-9.4.18.v20190429.jar:9.4.18.v20190429]
	at org.eclipse.jetty.websocket.common.io.AbstractWebSocketConnection.readParse(AbstractWebSocketConnection.java:581) [WEB-INF_server-lib_websocket-common-9.4.18.v20190429.jar:9.4.18.v20190429]
	at org.eclipse.jetty.websocket.common.io.AbstractWebSocketConnection.onFillable(AbstractWebSocketConnection.java:434) [WEB-INF_server-lib_websocket-common-9.4.18.v20190429.jar:9.4.18.v20190429]
	at org.eclipse.jetty.io.AbstractConnection$ReadCallback.succeeded(AbstractConnection.java:305) [WEB-INF_server-lib_jetty-io-9.4.18.v20190429.jar:9.4.18.v20190429]
	at org.eclipse.jetty.io.FillInterest.fillable(FillInterest.java:103) [WEB-INF_server-lib_jetty-io-9.4.18.v20190429.jar:9.4.18.v20190429]
	at org.eclipse.jetty.io.ChannelEndPoint$2.run(ChannelEndPoint.java:117) [WEB-INF_server-lib_jetty-io-9.4.18.v20190429.jar:9.4.18.v20190429]
	at org.eclipse.jetty.util.thread.strategy.EatWhatYouKill.runTask(EatWhatYouKill.java:333) [WEB-INF_server-lib_jetty-util-9.4.18.v20190429.jar:9.4.18.v20190429]
	at org.eclipse.jetty.util.thread.strategy.EatWhatYouKill.doProduce(EatWhatYouKill.java:310) [WEB-INF_server-lib_jetty-util-9.4.18.v20190429.jar:9.4.18.v20190429]
	at org.eclipse.jetty.util.thread.strategy.EatWhatYouKill.tryProduce(EatWhatYouKill.java:168) [WEB-INF_server-lib_jetty-util-9.4.18.v20190429.jar:9.4.18.v20190429]
	at org.eclipse.jetty.util.thread.strategy.EatWhatYouKill.run(EatWhatYouKill.java:126) [WEB-INF_server-lib_jetty-util-9.4.18.v20190429.jar:9.4.18.v20190429]
	at org.eclipse.jetty.util.thread.ReservedThreadExecutor$ReservedThread.run(ReservedThreadExecutor.java:366) [WEB-INF_server-lib_jetty-util-9.4.18.v20190429.jar:9.4.18.v20190429]
	at org.eclipse.jetty.util.thread.QueuedThreadPool.runJob(QueuedThreadPool.java:698) [WEB-INF_server-lib_jetty-util-9.4.18.v20190429.jar:9.4.18.v20190429]
	at org.eclipse.jetty.util.thread.QueuedThreadPool$Runner.run(QueuedThreadPool.java:804) [WEB-INF_server-lib_jetty-util-9.4.18.v20190429.jar:9.4.18.v20190429]
	at java.lang.Thread.run(Thread.java:830) [?:?]
Caused by: java.lang.Exception: java.lang.RuntimeException: Java version not supported. (Versions starting with 1.8 and 11 are supported.)
	at org.webswing.server.services.swinginstance.SwingInstanceImpl.start(SwingInstanceImpl.java:699) ~[classes/:?]
	at org.webswing.server.services.swinginstance.SwingInstanceImpl.<init>(SwingInstanceImpl.java:150) ~[classes/:?]
	... 50 more
Caused by: java.lang.RuntimeException: Java version not supported. (Versions starting with 1.8 and 11 are supported.)
	at org.webswing.server.services.swinginstance.SwingInstanceImpl.start(SwingInstanceImpl.java:586) ~[classes/:?]
	at org.webswing.server.services.swinginstance.SwingInstanceImpl.<init>(SwingInstanceImpl.java:150) ~[classes/:?]
	... 50 more
2020-04-11 10:05:53,471 ERROR [qtp991505714-13] (StackLocator.java:71) Java version 13 not supported in this version of Webswing.
2020-04-11 10:05:53,479 ERROR [qtp991505714-13] (StackLocator.java:71) Failed to create Application instance.
org.webswing.server.model.exception.WsException: Failed to create App instance.
	at org.webswing.server.services.swinginstance.SwingInstanceImpl.<init>(SwingInstanceImpl.java:154) ~[classes/:?]
	at org.webswing.server.services.swinginstance.SwingInstanceServiceImpl.create(SwingInstanceServiceImpl.java:32) ~[classes/:?]
	at org.webswing.server.services.swingmanager.SwingInstanceManagerImpl.startSwingInstance(SwingInstanceManagerImpl.java:144) [classes/:?]
	at org.webswing.server.services.swingmanager.SwingInstanceManagerImpl.connectView(SwingInstanceManagerImpl.java:130) [classes/:?]
	at org.webswing.server.services.websocket.WebSocketUrlHandlerImpl.onMessage(WebSocketUrlHandlerImpl.java:109) [classes/:?]
	at org.webswing.server.services.websocket.WebSocketAtmosphereHandler.onMessage(WebSocketAtmosphereHandler.java:55) [classes/:?]
	at org.webswing.server.services.websocket.WebSocketAtmosphereHandler.onRequest(WebSocketAtmosphereHandler.java:148) [classes/:?]
	at org.atmosphere.cpr.AsynchronousProcessor.action(AsynchronousProcessor.java:225) [atmosphere-runtime-2.4.30.jar:2.4.30]
	at org.atmosphere.cpr.AsynchronousProcessor.suspended(AsynchronousProcessor.java:114) [atmosphere-runtime-2.4.30.jar:2.4.30]
	at org.atmosphere.container.AbstractJetty9AsyncSupportWithWebSocket.service(AbstractJetty9AsyncSupportWithWebSocket.java:171) [atmosphere-runtime-2.4.30.jar:2.4.30]
	at org.atmosphere.container.Jetty9AsyncSupportWithWebSocket.service(Jetty9AsyncSupportWithWebSocket.java:35) [atmosphere-runtime-2.4.30.jar:2.4.30]
	at org.atmosphere.cpr.AtmosphereFramework.doCometSupport(AtmosphereFramework.java:2300) [atmosphere-runtime-2.4.30.jar:2.4.30]
	at org.webswing.server.services.websocket.SecuredAtmosphereFramework.secureServe(SecuredAtmosphereFramework.java:50) [classes/:?]
	at org.webswing.server.services.security.SecurityManagerServiceImpl$1.call(SecurityManagerServiceImpl.java:81) [classes/:?]
	at org.apache.shiro.subject.support.SubjectCallable.doCall(SubjectCallable.java:90) [shiro-core-1.5.2.jar:1.5.2]
	at org.apache.shiro.subject.support.SubjectCallable.call(SubjectCallable.java:83) [shiro-core-1.5.2.jar:1.5.2]
	at org.apache.shiro.subject.support.DelegatingSubject.execute(DelegatingSubject.java:387) [shiro-core-1.5.2.jar:1.5.2]
	at org.webswing.server.services.security.SecurityManagerServiceImpl.secure(SecurityManagerServiceImpl.java:78) [classes/:?]
	at org.webswing.server.services.websocket.SecuredAtmosphereFramework.doCometSupport(SecuredAtmosphereFramework.java:45) [classes/:?]
	at org.atmosphere.websocket.DefaultWebSocketProcessor.dispatch(DefaultWebSocketProcessor.java:594) [atmosphere-runtime-2.4.30.jar:2.4.30]
	at org.atmosphere.websocket.DefaultWebSocketProcessor$3.run(DefaultWebSocketProcessor.java:345) [atmosphere-runtime-2.4.30.jar:2.4.30]
	at org.atmosphere.util.VoidExecutorService.execute(VoidExecutorService.java:101) [atmosphere-runtime-2.4.30.jar:2.4.30]
	at org.atmosphere.websocket.DefaultWebSocketProcessor.dispatch(DefaultWebSocketProcessor.java:340) [atmosphere-runtime-2.4.30.jar:2.4.30]
	at org.atmosphere.websocket.DefaultWebSocketProcessor.invokeWebSocketProtocol(DefaultWebSocketProcessor.java:481) [atmosphere-runtime-2.4.30.jar:2.4.30]
	at org.atmosphere.container.Jetty9WebSocketHandler.onWebSocketBinary(Jetty9WebSocketHandler.java:76) [atmosphere-runtime-2.4.30.jar:2.4.30]
	at org.eclipse.jetty.websocket.common.events.JettyListenerEventDriver.onBinaryMessage(JettyListenerEventDriver.java:82) [WEB-INF_server-lib_websocket-common-9.4.18.v20190429.jar:9.4.18.v20190429]
	at org.eclipse.jetty.websocket.common.message.SimpleBinaryMessage.messageComplete(SimpleBinaryMessage.java:68) [WEB-INF_server-lib_websocket-common-9.4.18.v20190429.jar:9.4.18.v20190429]
	at org.eclipse.jetty.websocket.common.events.AbstractEventDriver.appendMessage(AbstractEventDriver.java:65) [WEB-INF_server-lib_websocket-common-9.4.18.v20190429.jar:9.4.18.v20190429]
	at org.eclipse.jetty.websocket.common.events.JettyListenerEventDriver.onBinaryFrame(JettyListenerEventDriver.java:68) [WEB-INF_server-lib_websocket-common-9.4.18.v20190429.jar:9.4.18.v20190429]
	at org.eclipse.jetty.websocket.common.events.AbstractEventDriver.incomingFrame(AbstractEventDriver.java:145) [WEB-INF_server-lib_websocket-common-9.4.18.v20190429.jar:9.4.18.v20190429]
	at org.eclipse.jetty.websocket.common.WebSocketSession.incomingFrame(WebSocketSession.java:319) [WEB-INF_server-lib_websocket-common-9.4.18.v20190429.jar:9.4.18.v20190429]
	at org.eclipse.jetty.websocket.common.extensions.AbstractExtension.nextIncomingFrame(AbstractExtension.java:147) [WEB-INF_server-lib_websocket-common-9.4.18.v20190429.jar:9.4.18.v20190429]
	at org.eclipse.jetty.websocket.common.extensions.compress.PerMessageDeflateExtension.nextIncomingFrame(PerMessageDeflateExtension.java:112) [WEB-INF_server-lib_websocket-common-9.4.18.v20190429.jar:9.4.18.v20190429]
	at org.eclipse.jetty.websocket.common.extensions.compress.CompressExtension.forwardIncoming(CompressExtension.java:142) [WEB-INF_server-lib_websocket-common-9.4.18.v20190429.jar:9.4.18.v20190429]
	at org.eclipse.jetty.websocket.common.extensions.compress.PerMessageDeflateExtension.incomingFrame(PerMessageDeflateExtension.java:92) [WEB-INF_server-lib_websocket-common-9.4.18.v20190429.jar:9.4.18.v20190429]
	at org.eclipse.jetty.websocket.common.extensions.ExtensionStack.incomingFrame(ExtensionStack.java:201) [WEB-INF_server-lib_websocket-common-9.4.18.v20190429.jar:9.4.18.v20190429]
	at org.eclipse.jetty.websocket.common.Parser.notifyFrame(Parser.java:226) [WEB-INF_server-lib_websocket-common-9.4.18.v20190429.jar:9.4.18.v20190429]
	at org.eclipse.jetty.websocket.common.Parser.parse(Parser.java:255) [WEB-INF_server-lib_websocket-common-9.4.18.v20190429.jar:9.4.18.v20190429]
	at org.eclipse.jetty.websocket.common.io.AbstractWebSocketConnection.readParse(AbstractWebSocketConnection.java:581) [WEB-INF_server-lib_websocket-common-9.4.18.v20190429.jar:9.4.18.v20190429]
	at org.eclipse.jetty.websocket.common.io.AbstractWebSocketConnection.onFillable(AbstractWebSocketConnection.java:434) [WEB-INF_server-lib_websocket-common-9.4.18.v20190429.jar:9.4.18.v20190429]
	at org.eclipse.jetty.io.AbstractConnection$ReadCallback.succeeded(AbstractConnection.java:305) [WEB-INF_server-lib_jetty-io-9.4.18.v20190429.jar:9.4.18.v20190429]
	at org.eclipse.jetty.io.FillInterest.fillable(FillInterest.java:103) [WEB-INF_server-lib_jetty-io-9.4.18.v20190429.jar:9.4.18.v20190429]
	at org.eclipse.jetty.io.ChannelEndPoint$2.run(ChannelEndPoint.java:117) [WEB-INF_server-lib_jetty-io-9.4.18.v20190429.jar:9.4.18.v20190429]
	at org.eclipse.jetty.util.thread.strategy.EatWhatYouKill.runTask(EatWhatYouKill.java:333) [WEB-INF_server-lib_jetty-util-9.4.18.v20190429.jar:9.4.18.v20190429]
	at org.eclipse.jetty.util.thread.strategy.EatWhatYouKill.doProduce(EatWhatYouKill.java:310) [WEB-INF_server-lib_jetty-util-9.4.18.v20190429.jar:9.4.18.v20190429]
	at org.eclipse.jetty.util.thread.strategy.EatWhatYouKill.tryProduce(EatWhatYouKill.java:168) [WEB-INF_server-lib_jetty-util-9.4.18.v20190429.jar:9.4.18.v20190429]
	at org.eclipse.jetty.util.thread.strategy.EatWhatYouKill.run(EatWhatYouKill.java:126) [WEB-INF_server-lib_jetty-util-9.4.18.v20190429.jar:9.4.18.v20190429]
	at org.eclipse.jetty.util.thread.ReservedThreadExecutor$ReservedThread.run(ReservedThreadExecutor.java:366) [WEB-INF_server-lib_jetty-util-9.4.18.v20190429.jar:9.4.18.v20190429]
	at org.eclipse.jetty.util.thread.QueuedThreadPool.runJob(QueuedThreadPool.java:698) [WEB-INF_server-lib_jetty-util-9.4.18.v20190429.jar:9.4.18.v20190429]
	at org.eclipse.jetty.util.thread.QueuedThreadPool$Runner.run(QueuedThreadPool.java:804) [WEB-INF_server-lib_jetty-util-9.4.18.v20190429.jar:9.4.18.v20190429]
	at java.lang.Thread.run(Thread.java:830) [?:?]
Caused by: java.lang.Exception: java.lang.RuntimeException: Java version not supported. (Versions starting with 1.8 and 11 are supported.)
	at org.webswing.server.services.swinginstance.SwingInstanceImpl.start(SwingInstanceImpl.java:699) ~[classes/:?]
	at org.webswing.server.services.swinginstance.SwingInstanceImpl.<init>(SwingInstanceImpl.java:150) ~[classes/:?]
	... 50 more
Caused by: java.lang.RuntimeException: Java version not supported. (Versions starting with 1.8 and 11 are supported.)
	at org.webswing.server.services.swinginstance.SwingInstanceImpl.start(SwingInstanceImpl.java:586) ~[classes/:?]
	at org.webswing.server.services.swinginstance.SwingInstanceImpl.<init>(SwingInstanceImpl.java:150) ~[classes/:?]
	... 50 more
2020-04-11 10:06:06,871 ERROR [qtp991505714-73] (StackLocator.java:71) Java version 13 not supported in this version of Webswing.
2020-04-11 10:06:06,882 ERROR [qtp991505714-73] (StackLocator.java:71) Failed to create Application instance.
org.webswing.server.model.exception.WsException: Failed to create App instance.
	at org.webswing.server.services.swinginstance.SwingInstanceImpl.<init>(SwingInstanceImpl.java:154) ~[classes/:?]
	at org.webswing.server.services.swinginstance.SwingInstanceServiceImpl.create(SwingInstanceServiceImpl.java:32) ~[classes/:?]
	at org.webswing.server.services.swingmanager.SwingInstanceManagerImpl.startSwingInstance(SwingInstanceManagerImpl.java:144) [classes/:?]
	at org.webswing.server.services.swingmanager.SwingInstanceManagerImpl.connectView(SwingInstanceManagerImpl.java:130) [classes/:?]
	at org.webswing.server.services.websocket.WebSocketUrlHandlerImpl.onMessage(WebSocketUrlHandlerImpl.java:109) [classes/:?]
	at org.webswing.server.services.websocket.WebSocketAtmosphereHandler.onMessage(WebSocketAtmosphereHandler.java:55) [classes/:?]
	at org.webswing.server.services.websocket.WebSocketAtmosphereHandler.onRequest(WebSocketAtmosphereHandler.java:148) [classes/:?]
	at org.atmosphere.cpr.AsynchronousProcessor.action(AsynchronousProcessor.java:225) [atmosphere-runtime-2.4.30.jar:2.4.30]
	at org.atmosphere.cpr.AsynchronousProcessor.suspended(AsynchronousProcessor.java:114) [atmosphere-runtime-2.4.30.jar:2.4.30]
	at org.atmosphere.container.AbstractJetty9AsyncSupportWithWebSocket.service(AbstractJetty9AsyncSupportWithWebSocket.java:171) [atmosphere-runtime-2.4.30.jar:2.4.30]
	at org.atmosphere.container.Jetty9AsyncSupportWithWebSocket.service(Jetty9AsyncSupportWithWebSocket.java:35) [atmosphere-runtime-2.4.30.jar:2.4.30]
	at org.atmosphere.cpr.AtmosphereFramework.doCometSupport(AtmosphereFramework.java:2300) [atmosphere-runtime-2.4.30.jar:2.4.30]
	at org.webswing.server.services.websocket.SecuredAtmosphereFramework.secureServe(SecuredAtmosphereFramework.java:50) [classes/:?]
	at org.webswing.server.services.security.SecurityManagerServiceImpl$1.call(SecurityManagerServiceImpl.java:81) [classes/:?]
	at org.apache.shiro.subject.support.SubjectCallable.doCall(SubjectCallable.java:90) [shiro-core-1.5.2.jar:1.5.2]
	at org.apache.shiro.subject.support.SubjectCallable.call(SubjectCallable.java:83) [shiro-core-1.5.2.jar:1.5.2]
	at org.apache.shiro.subject.support.DelegatingSubject.execute(DelegatingSubject.java:387) [shiro-core-1.5.2.jar:1.5.2]
	at org.webswing.server.services.security.SecurityManagerServiceImpl.secure(SecurityManagerServiceImpl.java:78) [classes/:?]
	at org.webswing.server.services.websocket.SecuredAtmosphereFramework.doCometSupport(SecuredAtmosphereFramework.java:45) [classes/:?]
	at org.atmosphere.websocket.DefaultWebSocketProcessor.dispatch(DefaultWebSocketProcessor.java:594) [atmosphere-runtime-2.4.30.jar:2.4.30]
	at org.atmosphere.websocket.DefaultWebSocketProcessor$3.run(DefaultWebSocketProcessor.java:345) [atmosphere-runtime-2.4.30.jar:2.4.30]
	at org.atmosphere.util.VoidExecutorService.execute(VoidExecutorService.java:101) [atmosphere-runtime-2.4.30.jar:2.4.30]
	at org.atmosphere.websocket.DefaultWebSocketProcessor.dispatch(DefaultWebSocketProcessor.java:340) [atmosphere-runtime-2.4.30.jar:2.4.30]
	at org.atmosphere.websocket.DefaultWebSocketProcessor.invokeWebSocketProtocol(DefaultWebSocketProcessor.java:481) [atmosphere-runtime-2.4.30.jar:2.4.30]
	at org.atmosphere.container.Jetty9WebSocketHandler.onWebSocketBinary(Jetty9WebSocketHandler.java:76) [atmosphere-runtime-2.4.30.jar:2.4.30]
	at org.eclipse.jetty.websocket.common.events.JettyListenerEventDriver.onBinaryMessage(JettyListenerEventDriver.java:82) [WEB-INF_server-lib_websocket-common-9.4.18.v20190429.jar:9.4.18.v20190429]
	at org.eclipse.jetty.websocket.common.message.SimpleBinaryMessage.messageComplete(SimpleBinaryMessage.java:68) [WEB-INF_server-lib_websocket-common-9.4.18.v20190429.jar:9.4.18.v20190429]
	at org.eclipse.jetty.websocket.common.events.AbstractEventDriver.appendMessage(AbstractEventDriver.java:65) [WEB-INF_server-lib_websocket-common-9.4.18.v20190429.jar:9.4.18.v20190429]
	at org.eclipse.jetty.websocket.common.events.JettyListenerEventDriver.onBinaryFrame(JettyListenerEventDriver.java:68) [WEB-INF_server-lib_websocket-common-9.4.18.v20190429.jar:9.4.18.v20190429]
	at org.eclipse.jetty.websocket.common.events.AbstractEventDriver.incomingFrame(AbstractEventDriver.java:145) [WEB-INF_server-lib_websocket-common-9.4.18.v20190429.jar:9.4.18.v20190429]
	at org.eclipse.jetty.websocket.common.WebSocketSession.incomingFrame(WebSocketSession.java:319) [WEB-INF_server-lib_websocket-common-9.4.18.v20190429.jar:9.4.18.v20190429]
	at org.eclipse.jetty.websocket.common.extensions.AbstractExtension.nextIncomingFrame(AbstractExtension.java:147) [WEB-INF_server-lib_websocket-common-9.4.18.v20190429.jar:9.4.18.v20190429]
	at org.eclipse.jetty.websocket.common.extensions.compress.PerMessageDeflateExtension.nextIncomingFrame(PerMessageDeflateExtension.java:112) [WEB-INF_server-lib_websocket-common-9.4.18.v20190429.jar:9.4.18.v20190429]
	at org.eclipse.jetty.websocket.common.extensions.compress.CompressExtension.forwardIncoming(CompressExtension.java:142) [WEB-INF_server-lib_websocket-common-9.4.18.v20190429.jar:9.4.18.v20190429]
	at org.eclipse.jetty.websocket.common.extensions.compress.PerMessageDeflateExtension.incomingFrame(PerMessageDeflateExtension.java:92) [WEB-INF_server-lib_websocket-common-9.4.18.v20190429.jar:9.4.18.v20190429]
	at org.eclipse.jetty.websocket.common.extensions.ExtensionStack.incomingFrame(ExtensionStack.java:201) [WEB-INF_server-lib_websocket-common-9.4.18.v20190429.jar:9.4.18.v20190429]
	at org.eclipse.jetty.websocket.common.Parser.notifyFrame(Parser.java:226) [WEB-INF_server-lib_websocket-common-9.4.18.v20190429.jar:9.4.18.v20190429]
	at org.eclipse.jetty.websocket.common.Parser.parse(Parser.java:255) [WEB-INF_server-lib_websocket-common-9.4.18.v20190429.jar:9.4.18.v20190429]
	at org.eclipse.jetty.websocket.common.io.AbstractWebSocketConnection.readParse(AbstractWebSocketConnection.java:581) [WEB-INF_server-lib_websocket-common-9.4.18.v20190429.jar:9.4.18.v20190429]
	at org.eclipse.jetty.websocket.common.io.AbstractWebSocketConnection.onFillable(AbstractWebSocketConnection.java:434) [WEB-INF_server-lib_websocket-common-9.4.18.v20190429.jar:9.4.18.v20190429]
	at org.eclipse.jetty.io.AbstractConnection$ReadCallback.succeeded(AbstractConnection.java:305) [WEB-INF_server-lib_jetty-io-9.4.18.v20190429.jar:9.4.18.v20190429]
	at org.eclipse.jetty.io.FillInterest.fillable(FillInterest.java:103) [WEB-INF_server-lib_jetty-io-9.4.18.v20190429.jar:9.4.18.v20190429]
	at org.eclipse.jetty.io.ChannelEndPoint$2.run(ChannelEndPoint.java:117) [WEB-INF_server-lib_jetty-io-9.4.18.v20190429.jar:9.4.18.v20190429]
	at org.eclipse.jetty.util.thread.strategy.EatWhatYouKill.runTask(EatWhatYouKill.java:333) [WEB-INF_server-lib_jetty-util-9.4.18.v20190429.jar:9.4.18.v20190429]
	at org.eclipse.jetty.util.thread.strategy.EatWhatYouKill.doProduce(EatWhatYouKill.java:310) [WEB-INF_server-lib_jetty-util-9.4.18.v20190429.jar:9.4.18.v20190429]
	at org.eclipse.jetty.util.thread.strategy.EatWhatYouKill.tryProduce(EatWhatYouKill.java:168) [WEB-INF_server-lib_jetty-util-9.4.18.v20190429.jar:9.4.18.v20190429]
	at org.eclipse.jetty.util.thread.strategy.EatWhatYouKill.run(EatWhatYouKill.java:126) [WEB-INF_server-lib_jetty-util-9.4.18.v20190429.jar:9.4.18.v20190429]
	at org.eclipse.jetty.util.thread.ReservedThreadExecutor$ReservedThread.run(ReservedThreadExecutor.java:366) [WEB-INF_server-lib_jetty-util-9.4.18.v20190429.jar:9.4.18.v20190429]
	at org.eclipse.jetty.util.thread.QueuedThreadPool.runJob(QueuedThreadPool.java:698) [WEB-INF_server-lib_jetty-util-9.4.18.v20190429.jar:9.4.18.v20190429]
	at org.eclipse.jetty.util.thread.QueuedThreadPool$Runner.run(QueuedThreadPool.java:804) [WEB-INF_server-lib_jetty-util-9.4.18.v20190429.jar:9.4.18.v20190429]
	at java.lang.Thread.run(Thread.java:830) [?:?]
Caused by: java.lang.Exception: java.lang.RuntimeException: Java version not supported. (Versions starting with 1.8 and 11 are supported.)
	at org.webswing.server.services.swinginstance.SwingInstanceImpl.start(SwingInstanceImpl.java:699) ~[classes/:?]
	at org.webswing.server.services.swinginstance.SwingInstanceImpl.<init>(SwingInstanceImpl.java:150) ~[classes/:?]
	... 50 more
Caused by: java.lang.RuntimeException: Java version not supported. (Versions starting with 1.8 and 11 are supported.)
	at org.webswing.server.services.swinginstance.SwingInstanceImpl.start(SwingInstanceImpl.java:586) ~[classes/:?]
	at org.webswing.server.services.swinginstance.SwingInstanceImpl.<init>(SwingInstanceImpl.java:150) ~[classes/:?]
	... 50 more
2020-04-11 10:10:31,021 INFO  [main] (WebswingServlet.java:36) Initializing Webswing 20.1
2020-04-11 10:10:31,422 INFO  [main] (DefaultInitializer.java:29) Using Temp folder:/Users/ggar/Documents/codeprojects/webswing-examples-20.1/tmp/release
2020-04-11 10:10:31,423 INFO  [main] (DefaultInitializer.java:33) Using Root folder:/Users/ggar/Documents/codeprojects/webswing-examples-20.1
2020-04-11 10:10:31,424 INFO  [main] (DefaultInitializer.java:43) Using War file:file:/Users/ggar/Documents/codeprojects/webswing-examples-20.1/webswing-server.war
2020-04-11 10:10:31,424 INFO  [main] (DefaultInitializer.java:47) Using Config file:file:/Users/ggar/Documents/codeprojects/webswing-examples-20.1/webswing.config
2020-04-11 10:10:31,856 INFO  [main] (StartupServiceImpl.java:33) Starting service JmsServiceImpl
2020-04-11 10:10:32,147 INFO  [main] (StartupServiceImpl.java:33) Starting service WebSocketServiceImpl
2020-04-11 10:10:34,244 INFO  [main] (StartupServiceImpl.java:33) Starting service ConfigurationServiceImpl
2020-04-11 10:10:34,548 INFO  [main] (StartupServiceImpl.java:33) Starting service ExtensionServiceImpl
2020-04-11 10:10:34,548 INFO  [main] (ExtensionServiceImpl.java:40) Initializing extension provider org.webswing.server.extension.DefaultExtensionProvider
2020-04-11 10:10:34,549 INFO  [main] (StartupServiceImpl.java:33) Starting service StatisticsLoggerServiceImpl
2020-04-11 10:10:34,550 INFO  [main] (StartupServiceImpl.java:33) Starting service SwingProcessServiceImpl
2020-04-11 10:10:34,551 INFO  [main] (SecurityManagerServiceImpl.java:43) Starting SecurityManagerServiceImpl
2020-04-11 10:10:35,517 INFO  [main] (GlobalUrlHandler.java:165) Loading configured Applications.
2020-04-11 10:10:35,587 INFO  [main] (GlobalUrlHandler.java:183) Installing application /swingset3
2020-04-11 10:10:35,591 INFO  [main] (GlobalUrlHandler.java:183) Installing application /netbeans
2020-04-11 10:10:35,592 INFO  [main] (GlobalUrlHandler.java:183) Installing application /applet
2020-04-11 10:10:35,593 INFO  [main] (GlobalUrlHandler.java:183) Installing application /javafx
2020-04-11 10:10:36,025 INFO  [main] (GlobalUrlHandler.java:153) Loading master security module.({module=EMBEDED, config={users=[{username=admin, password=pwd, roles=[admin]}, {username=support, password=pwd, roles=[support]}, {username=user, password=pwd}]}, classPath=[]}).
2020-04-11 10:10:44,783 INFO  [qtp250075633-46] (SwingProcessImpl.java:80) Starting application process [swingset3_admin_f71b443a4f55_1586614244391] from [/Users/ggar/Documents/codeprojects/webswing-examples-20.1/apps/SwingSet3/admin] :[/Library/Java/JavaVirtualMachines/jdk1.8.0_241.jdk/Contents/Home/jre/bin/java, -Xbootclasspath/a:/Users/ggar/Documents/codeprojects/webswing-examples-20.1/tmp/release/WEB-INF_swing-boot_webswing-api-20.1.jar:/Users/ggar/Documents/codeprojects/webswing-examples-20.1/tmp/release/WEB-INF_swing-boot_webswing-app-toolkit-java8-20.1.jar:/Users/ggar/Documents/codeprojects/webswing-examples-20.1/tmp/release/WEB-INF_swing-boot_webswing-app-toolkit-20.1.jar:/Users/ggar/Documents/codeprojects/webswing-examples-20.1/tmp/release/WEB-INF_swing-boot_java.desktop.modpatch-1.jar:/Users/ggar/Documents/codeprojects/webswing-examples-20.1/tmp/release/WEB-INF_swing-boot_webswing-app-toolkit-fx-20.1-java11.jar:/Users/ggar/Documents/codeprojects/webswing-examples-20.1/tmp/release/WEB-INF_swing-boot_webswing-app-toolkit-fx-java8-20.1.jar:/Library/Java/JavaVirtualMachines/jdk1.8.0_241.jdk/Contents/Home/jre/lib/ext/jfxrt.jar:/Library/Java/JavaVirtualMachines/jdk1.8.0_241.jdk/Contents/Home/jre/lib/ext/jaccess.jar, -Djavax.sound.sampled.Clip=org.webswing.audio.AudioMixerProvider, -noverify, -Xmx128m, -DauthorizedUser=admin, -Dwebswing.allowAutoDownload=true, -Dwebswing.jsLinkWhitelist=*, -Dwebswing.initialUrl=http://localhost:8080/swingset3/, -Dwebswing.sessionTimeoutIfInactive=false, -Dawt.toolkit=org.webswing.toolkit.WebToolkit8, -Dwebswing.tempDirPath=file:/Users/ggar/Documents/codeprojects/webswing-examples-20.1/tmp/release/, -Dwebswing.printerJobDelegate=org.webswing.toolkit.WebPrinterJob, -Dwebswing.allowJsLink=true, -Dwebswing.transparentFileSave=true, -Dwebswing.allowUpload=true, -Dwebswing.directdraw.supported=true, -Dwebswing.sessionTimeoutSec=300, -Dwebswing.screenHeight=696, -Dwebswing.accessibilityEnabled=false, -Dwebswing.isolatedFs=true, -Dwebswing.allowDownload=true, -Dprism.lcdtext=false, -Dwebswing.transparentFileOpen=true, -Dwebswing.jmsUrl=nio://127.0.0.1:34455, -Dprism.text=t2k, -Dwebswing.allowDelete=true, -Dwebswing.clientId=swingset3_admin_f71b443a4f55_1586614244391, -Dwebswing.mainClass=com.sun.swingset3.SwingSet3, -Dwebswing.applicationHome=/Users/ggar/Documents/codeprojects/webswing-examples-20.1/apps/SwingSet3, -Dwebswing.compositingWindowManager=true, -Dwebswing.screenWidth=1309, -Djava.awt.printerjob=org.webswing.toolkit.WebPrinterJobWrapper, -Dwebswing.fxToolkitFactory=org.webswing.javafx.toolkit.WebsinwgFxToolkitFactory8, -Dwebswing.allowLocalClipboard=true, -Dwebswing.messagingApiTopicName=msgApiSharedTopic/swingset3, -Dglass.platform=Web, -Dwebswing.classPath=/Users/ggar/Documents/codeprojects/webswing-examples-20.1/apps/SwingSet3/SwingSet3.jar;/Users/ggar/Documents/codeprojects/webswing-examples-20.1/apps/SwingSet3/*.jar, -Dwebswing.appId=/swingset3, -Dwebswing.directdraw=true, -Dprism.order=web, -Dwebswing.transfer.dir=/Users/ggar/Documents/codeprojects/webswing-examples-20.1/apps/SwingSet3/admin/upload, -Dwebswing.theme=Murrine, -Dwebswing.touchMode=false, -Djava.awt.graphicsenv=org.webswing.toolkit.ge.WebGraphicsEnvironment8, -Djava.awt.headless=false, -Dwebswing.jmsQueueId=swingset3_admin_f71b443a4f55_1586614244391, -Dwebswing.dockMode=ALL, -Dwebswing.testMode=false, -Dwebswing.fontConfig=/Users/ggar/Documents/codeprojects/webswing-examples-20.1/tmp/release/fontconfig-swingset3_admin_f71b443a4f55_1586614244391.properties, -Djavafx.live.resize=false, -cp, /Users/ggar/Documents/codeprojects/webswing-examples-20.1/webswing-server.war, main.Main]
2020-04-11 10:10:45,706 INFO  [Webswing Process Handler] (SwingProcessImpl.java:324) [swingset3_admin_f71b443a4f55_1586614244391] INFO: JPDFWriter library not found on classpath, fallback to FreeHEP PDF service.
2020-04-11 10:10:46,210 INFO  [Webswing Process Handler] (SwingProcessImpl.java:324) [swingset3_admin_f71b443a4f55_1586614244391] INFO: ClassModificationRegister: lock acquired.
2020-04-11 10:10:46,310 INFO  [Webswing Process Handler] (SwingProcessImpl.java:324) [swingset3_admin_f71b443a4f55_1586614244391] INFO: Webswing Event Dispatcher: org.webswing.dispatch.WebEventDispatcher
2020-04-11 10:10:46,310 INFO  [Webswing Process Handler] (SwingProcessImpl.java:324) [swingset3_admin_f71b443a4f55_1586614244391] INFO: Webswing Paint Dispatcher: org.webswing.dispatch.CwmPaintDispatcher
2020-04-11 10:10:46,610 ERROR [Webswing Process Handler] (SwingProcessImpl.java:322) [swingset3_admin_f71b443a4f55_1586614244391] Apr 11, 2020 10:10:46 AM com.sun.swingset3.SwingSet3 createDemo
2020-04-11 10:10:46,610 ERROR [Webswing Process Handler] (SwingProcessImpl.java:322) [swingset3_admin_f71b443a4f55_1586614244391] WARNING: demo class not found:
2020-04-11 10:10:56,810 INFO  [Webswing Process Handler] (SwingProcessImpl.java:324) [swingset3_admin_f71b443a4f55_1586614244391] java.awt.event.KeyEvent[KEY_PRESSED,keyCode=17,keyText=Ctrl,keyChar=Undefined keyChar,modifiers=Ctrl,extModifiers=Ctrl,keyLocation=KEY_LOCATION_STANDARD,rawCode=0,primaryLevelUnicode=0,scancode=0,extendedKeyCode=0x11] on com.sun.swingset3.DemoSelectorPanel$DemoButton[,0,162,164x27,alignmentX=0.0,alignmentY=0.5,border=javax.swing.border.CompoundBorder@7bf3e533,flags=16777504,maximumSize=,minimumSize=,preferredSize=,defaultIcon=jar:file:/Users/ggar/Documents/codeprojects/webswing-examples-20.1/apps/SwingSet3/SwingSet3.jar!/org/webswing/demo/dnd/resources/images/BasicDnDDemo.gif,disabledIcon=,disabledSelectedIcon=,margin=javax.swing.plaf.InsetsUIResource[top=0,left=0,bottom=0,right=0],paintBorder=true,paintFocus=false,pressedIcon=,rolloverEnabled=true,rolloverIcon=,rolloverSelectedIcon=,selectedIcon=,text=Basic DnD]
2020-04-11 10:10:56,811 INFO  [Webswing Process Handler] (SwingProcessImpl.java:324) [swingset3_admin_f71b443a4f55_1586614244391] java.awt.event.KeyEvent[KEY_PRESSED,keyCode=16,keyText=Shift,keyChar=Undefined keyChar,modifiers=Ctrl+Shift,extModifiers=Ctrl+Shift,keyLocation=KEY_LOCATION_STANDARD,rawCode=0,primaryLevelUnicode=0,scancode=0,extendedKeyCode=0x10] on com.sun.swingset3.DemoSelectorPanel$DemoButton[,0,162,164x27,alignmentX=0.0,alignmentY=0.5,border=javax.swing.border.CompoundBorder@7bf3e533,flags=16777504,maximumSize=,minimumSize=,preferredSize=,defaultIcon=jar:file:/Users/ggar/Documents/codeprojects/webswing-examples-20.1/apps/SwingSet3/SwingSet3.jar!/org/webswing/demo/dnd/resources/images/BasicDnDDemo.gif,disabledIcon=,disabledSelectedIcon=,margin=javax.swing.plaf.InsetsUIResource[top=0,left=0,bottom=0,right=0],paintBorder=true,paintFocus=false,pressedIcon=,rolloverEnabled=true,rolloverIcon=,rolloverSelectedIcon=,selectedIcon=,text=Basic DnD]
2020-04-11 10:11:13,314 INFO  [Webswing Process Handler] (SwingProcessImpl.java:324) [swingset3_admin_f71b443a4f55_1586614244391] java.awt.event.KeyEvent[KEY_RELEASED,keyCode=17,keyText=Ctrl,keyChar='',keyLocation=KEY_LOCATION_STANDARD,rawCode=0,primaryLevelUnicode=0,scancode=0,extendedKeyCode=0x11] on com.sun.swingset3.DemoSelectorPanel$DemoButton[,0,162,164x27,alignmentX=0.0,alignmentY=0.5,border=javax.swing.border.CompoundBorder@7bf3e533,flags=16777504,maximumSize=,minimumSize=,preferredSize=,defaultIcon=jar:file:/Users/ggar/Documents/codeprojects/webswing-examples-20.1/apps/SwingSet3/SwingSet3.jar!/org/webswing/demo/dnd/resources/images/BasicDnDDemo.gif,disabledIcon=,disabledSelectedIcon=,margin=javax.swing.plaf.InsetsUIResource[top=0,left=0,bottom=0,right=0],paintBorder=true,paintFocus=false,pressedIcon=,rolloverEnabled=true,rolloverIcon=,rolloverSelectedIcon=,selectedIcon=,text=Basic DnD]
2020-04-11 10:11:14,211 INFO  [Webswing Process Handler] (SwingProcessImpl.java:324) [swingset3_admin_f71b443a4f55_1586614244391] java.awt.event.KeyEvent[KEY_PRESSED,keyCode=17,keyText=Ctrl,keyChar=Undefined keyChar,modifiers=Ctrl,extModifiers=Ctrl,keyLocation=KEY_LOCATION_STANDARD,rawCode=0,primaryLevelUnicode=0,scancode=0,extendedKeyCode=0x11] on com.sun.swingset3.DemoSelectorPanel$DemoButton[,0,162,164x27,alignmentX=0.0,alignmentY=0.5,border=javax.swing.border.CompoundBorder@7bf3e533,flags=16777504,maximumSize=,minimumSize=,preferredSize=,defaultIcon=jar:file:/Users/ggar/Documents/codeprojects/webswing-examples-20.1/apps/SwingSet3/SwingSet3.jar!/org/webswing/demo/dnd/resources/images/BasicDnDDemo.gif,disabledIcon=,disabledSelectedIcon=,margin=javax.swing.plaf.InsetsUIResource[top=0,left=0,bottom=0,right=0],paintBorder=true,paintFocus=false,pressedIcon=,rolloverEnabled=true,rolloverIcon=,rolloverSelectedIcon=,selectedIcon=,text=Basic DnD]
2020-04-11 10:11:14,311 INFO  [Webswing Process Handler] (SwingProcessImpl.java:324) [swingset3_admin_f71b443a4f55_1586614244391] java.awt.event.KeyEvent[KEY_RELEASED,keyCode=17,keyText=Ctrl,keyChar='',keyLocation=KEY_LOCATION_STANDARD,rawCode=0,primaryLevelUnicode=0,scancode=0,extendedKeyCode=0x11] on com.sun.swingset3.DemoSelectorPanel$DemoButton[,0,162,164x27,alignmentX=0.0,alignmentY=0.5,border=javax.swing.border.CompoundBorder@7bf3e533,flags=16777504,maximumSize=,minimumSize=,preferredSize=,defaultIcon=jar:file:/Users/ggar/Documents/codeprojects/webswing-examples-20.1/apps/SwingSet3/SwingSet3.jar!/org/webswing/demo/dnd/resources/images/BasicDnDDemo.gif,disabledIcon=,disabledSelectedIcon=,margin=javax.swing.plaf.InsetsUIResource[top=0,left=0,bottom=0,right=0],paintBorder=true,paintFocus=false,pressedIcon=,rolloverEnabled=true,rolloverIcon=,rolloverSelectedIcon=,selectedIcon=,text=Basic DnD]
2020-04-11 10:11:14,611 INFO  [Webswing Process Handler] (SwingProcessImpl.java:324) [swingset3_admin_f71b443a4f55_1586614244391] java.awt.event.KeyEvent[KEY_PRESSED,keyCode=91,keyText=Open Bracket,keyChar='[',modifiers=Meta,extModifiers=Meta,keyLocation=KEY_LOCATION_STANDARD,rawCode=0,primaryLevelUnicode=0,scancode=0,extendedKeyCode=0x5b] on com.sun.swingset3.DemoSelectorPanel$DemoButton[,0,162,164x27,alignmentX=0.0,alignmentY=0.5,border=javax.swing.border.CompoundBorder@7bf3e533,flags=16777504,maximumSize=,minimumSize=,preferredSize=,defaultIcon=jar:file:/Users/ggar/Documents/codeprojects/webswing-examples-20.1/apps/SwingSet3/SwingSet3.jar!/org/webswing/demo/dnd/resources/images/BasicDnDDemo.gif,disabledIcon=,disabledSelectedIcon=,margin=javax.swing.plaf.InsetsUIResource[top=0,left=0,bottom=0,right=0],paintBorder=true,paintFocus=false,pressedIcon=,rolloverEnabled=true,rolloverIcon=,rolloverSelectedIcon=,selectedIcon=,text=Basic DnD]
2020-04-11 10:12:07,348 INFO  [qtp250075633-14] (DefaultConfigurationProvider.java:247) App configuration for path '/swingset3' changed.
2020-04-11 10:12:07,349 INFO  [qtp250075633-14] (DefaultConfigurationProvider.java:247) App configuration for path '/netbeans' changed.
2020-04-11 10:12:07,350 INFO  [qtp250075633-14] (DefaultConfigurationProvider.java:247) App configuration for path '/applet' changed.
2020-04-11 10:12:07,352 INFO  [qtp250075633-14] (DefaultConfigurationProvider.java:247) App configuration for path '/javafx' changed.
2020-04-11 10:12:07,352 INFO  [qtp250075633-14] (GlobalUrlHandler.java:183) Installing application /kolmafia
2020-04-11 10:12:07,447 INFO  [qtp250075633-14] (DefaultConfigurationProvider.java:247) App configuration for path '/kolmafia' changed.
2020-04-11 10:12:07,457 INFO  [qtp250075633-14] (DefaultConfigurationProvider.java:247) App configuration for path '/kolmafia' changed.
2020-04-11 10:12:24,613 INFO  [Webswing Process Handler] (SwingProcessImpl.java:324) [swingset3_admin_f71b443a4f55_1586614244391] WARNING: Session inactive for 60 seconds.
2020-04-11 10:13:24,914 INFO  [Webswing Process Handler] (SwingProcessImpl.java:324) [swingset3_admin_f71b443a4f55_1586614244391] WARNING: Session inactive for 120 seconds.
2020-04-11 10:14:25,214 INFO  [Webswing Process Handler] (SwingProcessImpl.java:324) [swingset3_admin_f71b443a4f55_1586614244391] WARNING: Session inactive for 180 seconds.
2020-04-11 10:15:25,416 INFO  [Webswing Process Handler] (SwingProcessImpl.java:324) [swingset3_admin_f71b443a4f55_1586614244391] WARNING: Session inactive for 240 seconds.
2020-04-11 10:16:24,716 INFO  [ActiveMQ Session Task-3] (SwingInstanceImpl.java:432) Transfer dir for session [swingset3_admin_f71b443a4f55_1586614244391] cleared. [/Users/ggar/Documents/codeprojects/webswing-examples-20.1/apps/SwingSet3/admin/upload]
2020-04-11 10:16:24,716 INFO  [ActiveMQ Session Task-3] (SwingProcessImpl.java:142) Waiting 30000ms for app process swingset3_admin_f71b443a4f55_1586614244391 to end.
2020-04-11 10:16:24,718 INFO  [Webswing Process Handler] (SwingProcessImpl.java:324) [swingset3_admin_f71b443a4f55_1586614244391] WARNING: Session inactive for 300 seconds.
2020-04-11 10:16:24,718 INFO  [Webswing Process Handler] (SwingProcessImpl.java:324) [swingset3_admin_f71b443a4f55_1586614244391] INFO: (Inactivity) Application Shutdown scheduled. (delayed by 0 seconds).
2020-04-11 10:16:24,718 INFO  [Webswing Process Handler] (SwingProcessImpl.java:324) [swingset3_admin_f71b443a4f55_1586614244391] WARNING: Exiting application due to inactivity for 300 seconds.
2020-04-11 10:16:24,719 INFO  [Webswing Process Handler] (SwingProcessImpl.java:324) [swingset3_admin_f71b443a4f55_1586614244391] INFO: No shutdown listener found. Using default shutdown procedure.
2020-04-11 10:16:25,217 INFO  [Webswing Process Handler] (SwingProcessImpl.java:158) [swingset3_admin_f71b443a4f55_1586614244391] app process terminated. 
2020-04-11 10:17:59,520 INFO  [qtp250075633-10] (DefaultConfigurationProvider.java:247) App configuration for path '/kolmafia' changed.
2020-04-11 10:18:09,624 ERROR [qtp250075633-14] (SwingInstanceManagerImpl.java:109) User authorization failed. This application is disabled.
2020-04-11 10:18:10,159 ERROR [qtp250075633-44] (SwingInstanceManagerImpl.java:109) User authorization failed. This application is disabled.
2020-04-11 10:18:10,615 ERROR [qtp250075633-14] (SwingInstanceManagerImpl.java:109) User authorization failed. This application is disabled.
2020-04-11 10:18:10,692 ERROR [qtp250075633-14] (SwingInstanceManagerImpl.java:109) User authorization failed. This application is disabled.
2020-04-11 10:18:11,265 ERROR [qtp250075633-43] (SwingInstanceManagerImpl.java:109) User authorization failed. This application is disabled.
2020-04-11 10:18:11,735 ERROR [qtp250075633-14] (SwingInstanceManagerImpl.java:109) User authorization failed. This application is disabled.
2020-04-11 10:18:12,234 ERROR [qtp250075633-14] (SwingInstanceManagerImpl.java:109) User authorization failed. This application is disabled.
2020-04-11 10:21:04,776 INFO  [qtp250075633-43] (DefaultConfigurationProvider.java:247) App configuration for path '/kolmafia' changed.
2020-04-11 10:21:31,296 INFO  [qtp250075633-186] (SwingProcessImpl.java:80) Starting application process [kolmafia_admin_f71b443a4f55_1586614891286] from [/Users/ggar/Documents/codeprojects/webswing-examples-20.1] :[/Library/Java/JavaVirtualMachines/jdk1.8.0_241.jdk/Contents/Home/jre/bin/java, -Xbootclasspath/a:/Users/ggar/Documents/codeprojects/webswing-examples-20.1/tmp/release/WEB-INF_swing-boot_webswing-api-20.1.jar:/Users/ggar/Documents/codeprojects/webswing-examples-20.1/tmp/release/WEB-INF_swing-boot_webswing-app-toolkit-java8-20.1.jar:/Users/ggar/Documents/codeprojects/webswing-examples-20.1/tmp/release/WEB-INF_swing-boot_webswing-app-toolkit-20.1.jar:/Users/ggar/Documents/codeprojects/webswing-examples-20.1/tmp/release/WEB-INF_swing-boot_java.desktop.modpatch-1.jar:/Library/Java/JavaVirtualMachines/jdk1.8.0_241.jdk/Contents/Home/jre/lib/ext/jaccess.jar, -Djavax.sound.sampled.Clip=org.webswing.audio.AudioMixerProvider, -noverify, -Dwebswing.allowAutoDownload=true, -Dwebswing.jsLinkWhitelist=*, -Dwebswing.initialUrl=http://localhost:8080/kolmafia/, -Dwebswing.sessionTimeoutIfInactive=false, -Dawt.toolkit=org.webswing.toolkit.WebToolkit8, -Dwebswing.tempDirPath=file:/Users/ggar/Documents/codeprojects/webswing-examples-20.1/tmp/release/, -Dwebswing.printerJobDelegate=org.webswing.toolkit.WebPrinterJob, -Dwebswing.allowJsLink=true, -Dwebswing.transparentFileSave=true, -Dwebswing.allowUpload=true, -Dwebswing.directdraw.supported=true, -Dwebswing.sessionTimeoutSec=300, -Dwebswing.screenHeight=696, -Dwebswing.accessibilityEnabled=false, -Dwebswing.isolatedFs=false, -Dwebswing.allowDownload=true, -Dwebswing.transparentFileOpen=true, -Dwebswing.jmsUrl=nio://127.0.0.1:34455, -Dwebswing.allowDelete=true, -Dwebswing.clientId=kolmafia_admin_f71b443a4f55_1586614891286, -Dwebswing.mainClass=net.sourceforge.kolmafia.KoLmafia, -Dwebswing.applicationHome=/Users/ggar/Documents/codeprojects/webswing-examples-20.1, -Dwebswing.compositingWindowManager=false, -Dwebswing.screenWidth=1309, -Djava.awt.printerjob=org.webswing.toolkit.WebPrinterJobWrapper, -Dwebswing.allowLocalClipboard=true, -Dwebswing.messagingApiTopicName=msgApiSharedTopic/kolmafia, -Dwebswing.classPath=/KoLMafia-20.3.jar, -Dwebswing.appId=/kolmafia, -Dwebswing.directdraw=true, -Dwebswing.transfer.dir=/Users/ggar/Documents/codeprojects/webswing-examples-20.1/admin/upload, -Dwebswing.theme=Murrine, -Dwebswing.touchMode=false, -Djava.awt.graphicsenv=org.webswing.toolkit.ge.WebGraphicsEnvironment8, -Djava.awt.headless=false, -Dwebswing.jmsQueueId=kolmafia_admin_f71b443a4f55_1586614891286, -Dwebswing.dockMode=ALL, -Dwebswing.testMode=false, -cp, /Users/ggar/Documents/codeprojects/webswing-examples-20.1/webswing-server.war, main.Main]
2020-04-11 10:21:32,135 INFO  [Webswing Process Handler] (SwingProcessImpl.java:324) [kolmafia_admin_f71b443a4f55_1586614891286] INFO: JPDFWriter library not found on classpath, fallback to FreeHEP PDF service.
2020-04-11 10:21:32,635 INFO  [Webswing Process Handler] (SwingProcessImpl.java:324) [kolmafia_admin_f71b443a4f55_1586614891286] ERROR: SwingMain:main ERROR: Required classpath file '/KoLMafia-20.3.jar' does not exist!
2020-04-11 10:21:32,636 INFO  [Webswing Process Handler] (SwingProcessImpl.java:324) [kolmafia_admin_f71b443a4f55_1586614891286] INFO: ClassModificationRegister: lock acquired.
2020-04-11 10:21:32,636 INFO  [Webswing Process Handler] (SwingProcessImpl.java:324) [kolmafia_admin_f71b443a4f55_1586614891286] FATAL: SwingMain:main -> java.lang.ClassNotFoundException: net.sourceforge.kolmafia.KoLmafia
2020-04-11 10:21:32,636 INFO  [Webswing Process Handler] (SwingProcessImpl.java:324) [kolmafia_admin_f71b443a4f55_1586614891286] 	at org.webswing.classloader.SwingClassloader.loadClass(SwingClassloader.java:250)
2020-04-11 10:21:32,636 INFO  [Webswing Process Handler] (SwingProcessImpl.java:324) [kolmafia_admin_f71b443a4f55_1586614891286] 	at java.lang.ClassLoader.loadClass(ClassLoader.java:351)
2020-04-11 10:21:32,636 INFO  [Webswing Process Handler] (SwingProcessImpl.java:324) [kolmafia_admin_f71b443a4f55_1586614891286] 	at org.webswing.SwingMain.startSwingApp(SwingMain.java:57)
2020-04-11 10:21:32,636 INFO  [Webswing Process Handler] (SwingProcessImpl.java:324) [kolmafia_admin_f71b443a4f55_1586614891286] 	at org.webswing.SwingMain.main(SwingMain.java:46)
2020-04-11 10:21:32,636 INFO  [Webswing Process Handler] (SwingProcessImpl.java:324) [kolmafia_admin_f71b443a4f55_1586614891286] 	at sun.reflect.NativeMethodAccessorImpl.invoke0(Native Method)
2020-04-11 10:21:32,636 INFO  [Webswing Process Handler] (SwingProcessImpl.java:324) [kolmafia_admin_f71b443a4f55_1586614891286] 	at sun.reflect.NativeMethodAccessorImpl.invoke(NativeMethodAccessorImpl.java:62)
2020-04-11 10:21:32,636 INFO  [Webswing Process Handler] (SwingProcessImpl.java:324) [kolmafia_admin_f71b443a4f55_1586614891286] 	at sun.reflect.DelegatingMethodAccessorImpl.invoke(DelegatingMethodAccessorImpl.java:43)
2020-04-11 10:21:32,636 INFO  [Webswing Process Handler] (SwingProcessImpl.java:324) [kolmafia_admin_f71b443a4f55_1586614891286] 	at java.lang.reflect.Method.invoke(Method.java:498)
2020-04-11 10:21:32,636 INFO  [Webswing Process Handler] (SwingProcessImpl.java:324) [kolmafia_admin_f71b443a4f55_1586614891286] 	at main.Main.main(Main.java:80)
2020-04-11 10:21:32,637 INFO  [Webswing Process Handler] (SwingProcessImpl.java:324) [kolmafia_admin_f71b443a4f55_1586614891286]  | 
2020-04-11 10:21:32,934 INFO  [Webswing Process Handler] (SwingProcessImpl.java:158) [kolmafia_admin_f71b443a4f55_1586614891286] app process terminated. 
2020-04-11 10:22:13,394 INFO  [qtp250075633-43] (SwingProcessImpl.java:80) Starting application process [kolmafia_admin_f71b443a4f55_1586614933385] from [/Users/ggar/Documents/codeprojects/webswing-examples-20.1] :[/Library/Java/JavaVirtualMachines/jdk1.8.0_241.jdk/Contents/Home/jre/bin/java, -Xbootclasspath/a:/Users/ggar/Documents/codeprojects/webswing-examples-20.1/tmp/release/WEB-INF_swing-boot_webswing-api-20.1.jar:/Users/ggar/Documents/codeprojects/webswing-examples-20.1/tmp/release/WEB-INF_swing-boot_webswing-app-toolkit-java8-20.1.jar:/Users/ggar/Documents/codeprojects/webswing-examples-20.1/tmp/release/WEB-INF_swing-boot_webswing-app-toolkit-20.1.jar:/Users/ggar/Documents/codeprojects/webswing-examples-20.1/tmp/release/WEB-INF_swing-boot_java.desktop.modpatch-1.jar:/Library/Java/JavaVirtualMachines/jdk1.8.0_241.jdk/Contents/Home/jre/lib/ext/jaccess.jar, -Djavax.sound.sampled.Clip=org.webswing.audio.AudioMixerProvider, -noverify, -Dwebswing.allowAutoDownload=true, -Dwebswing.jsLinkWhitelist=*, -Dwebswing.initialUrl=http://localhost:8080/kolmafia/, -Dwebswing.sessionTimeoutIfInactive=false, -Dawt.toolkit=org.webswing.toolkit.WebToolkit8, -Dwebswing.tempDirPath=file:/Users/ggar/Documents/codeprojects/webswing-examples-20.1/tmp/release/, -Dwebswing.printerJobDelegate=org.webswing.toolkit.WebPrinterJob, -Dwebswing.allowJsLink=true, -Dwebswing.transparentFileSave=true, -Dwebswing.allowUpload=true, -Dwebswing.directdraw.supported=true, -Dwebswing.sessionTimeoutSec=300, -Dwebswing.screenHeight=696, -Dwebswing.accessibilityEnabled=false, -Dwebswing.isolatedFs=false, -Dwebswing.allowDownload=true, -Dwebswing.transparentFileOpen=true, -Dwebswing.jmsUrl=nio://127.0.0.1:34455, -Dwebswing.allowDelete=true, -Dwebswing.clientId=kolmafia_admin_f71b443a4f55_1586614933385, -Dwebswing.mainClass=net.sourceforge.kolmafia.KoLmafia, -Dwebswing.applicationHome=/Users/ggar/Documents/codeprojects/webswing-examples-20.1, -Dwebswing.compositingWindowManager=false, -Dwebswing.screenWidth=1309, -Djava.awt.printerjob=org.webswing.toolkit.WebPrinterJobWrapper, -Dwebswing.allowLocalClipboard=true, -Dwebswing.messagingApiTopicName=msgApiSharedTopic/kolmafia, -Dwebswing.classPath=/KoLMafia-20.3.jar, -Dwebswing.appId=/kolmafia, -Dwebswing.directdraw=true, -Dwebswing.transfer.dir=/Users/ggar/Documents/codeprojects/webswing-examples-20.1/admin/upload, -Dwebswing.theme=Murrine, -Dwebswing.touchMode=false, -Djava.awt.graphicsenv=org.webswing.toolkit.ge.WebGraphicsEnvironment8, -Djava.awt.headless=false, -Dwebswing.jmsQueueId=kolmafia_admin_f71b443a4f55_1586614933385, -Dwebswing.dockMode=ALL, -Dwebswing.testMode=false, -cp, /Users/ggar/Documents/codeprojects/webswing-examples-20.1/webswing-server.war, main.Main]
2020-04-11 10:22:14,207 INFO  [Webswing Process Handler] (SwingProcessImpl.java:324) [kolmafia_admin_f71b443a4f55_1586614933385] INFO: JPDFWriter library not found on classpath, fallback to FreeHEP PDF service.
2020-04-11 10:22:14,506 INFO  [Webswing Process Handler] (SwingProcessImpl.java:324) [kolmafia_admin_f71b443a4f55_1586614933385] ERROR: SwingMain:main ERROR: Required classpath file '/KoLMafia-20.3.jar' does not exist!
2020-04-11 10:22:14,506 INFO  [Webswing Process Handler] (SwingProcessImpl.java:324) [kolmafia_admin_f71b443a4f55_1586614933385] INFO: ClassModificationRegister: lock acquired.
2020-04-11 10:22:14,507 INFO  [Webswing Process Handler] (SwingProcessImpl.java:324) [kolmafia_admin_f71b443a4f55_1586614933385] FATAL: SwingMain:main -> java.lang.ClassNotFoundException: net.sourceforge.kolmafia.KoLmafia
2020-04-11 10:22:14,507 INFO  [Webswing Process Handler] (SwingProcessImpl.java:324) [kolmafia_admin_f71b443a4f55_1586614933385] 	at org.webswing.classloader.SwingClassloader.loadClass(SwingClassloader.java:250)
2020-04-11 10:22:14,507 INFO  [Webswing Process Handler] (SwingProcessImpl.java:324) [kolmafia_admin_f71b443a4f55_1586614933385] 	at java.lang.ClassLoader.loadClass(ClassLoader.java:351)
2020-04-11 10:22:14,507 INFO  [Webswing Process Handler] (SwingProcessImpl.java:324) [kolmafia_admin_f71b443a4f55_1586614933385] 	at org.webswing.SwingMain.startSwingApp(SwingMain.java:57)
2020-04-11 10:22:14,507 INFO  [Webswing Process Handler] (SwingProcessImpl.java:324) [kolmafia_admin_f71b443a4f55_1586614933385] 	at org.webswing.SwingMain.main(SwingMain.java:46)
2020-04-11 10:22:14,507 INFO  [Webswing Process Handler] (SwingProcessImpl.java:324) [kolmafia_admin_f71b443a4f55_1586614933385] 	at sun.reflect.NativeMethodAccessorImpl.invoke0(Native Method)
2020-04-11 10:22:14,508 INFO  [Webswing Process Handler] (SwingProcessImpl.java:324) [kolmafia_admin_f71b443a4f55_1586614933385] 	at sun.reflect.NativeMethodAccessorImpl.invoke(NativeMethodAccessorImpl.java:62)
2020-04-11 10:22:14,508 INFO  [Webswing Process Handler] (SwingProcessImpl.java:324) [kolmafia_admin_f71b443a4f55_1586614933385] 	at sun.reflect.DelegatingMethodAccessorImpl.invoke(DelegatingMethodAccessorImpl.java:43)
2020-04-11 10:22:14,508 INFO  [Webswing Process Handler] (SwingProcessImpl.java:324) [kolmafia_admin_f71b443a4f55_1586614933385] 	at java.lang.reflect.Method.invoke(Method.java:498)
2020-04-11 10:22:14,508 INFO  [Webswing Process Handler] (SwingProcessImpl.java:324) [kolmafia_admin_f71b443a4f55_1586614933385] 	at main.Main.main(Main.java:80)
2020-04-11 10:22:14,508 INFO  [Webswing Process Handler] (SwingProcessImpl.java:324) [kolmafia_admin_f71b443a4f55_1586614933385]  | 
2020-04-11 10:22:14,509 INFO  [Webswing Process Handler] (SwingProcessImpl.java:158) [kolmafia_admin_f71b443a4f55_1586614933385] app process terminated. 
2020-04-11 10:22:35,301 INFO  [qtp250075633-136] (DefaultConfigurationProvider.java:247) App configuration for path '/kolmafia' changed.
2020-04-11 10:22:43,969 INFO  [qtp250075633-127] (SwingProcessImpl.java:80) Starting application process [kolmafia_admin_f71b443a4f55_1586614963962] from [/Users/ggar/Documents/codeprojects/webswing-examples-20.1] :[/Library/Java/JavaVirtualMachines/jdk1.8.0_241.jdk/Contents/Home/jre/bin/java, -Xbootclasspath/a:/Users/ggar/Documents/codeprojects/webswing-examples-20.1/tmp/release/WEB-INF_swing-boot_webswing-api-20.1.jar:/Users/ggar/Documents/codeprojects/webswing-examples-20.1/tmp/release/WEB-INF_swing-boot_webswing-app-toolkit-java8-20.1.jar:/Users/ggar/Documents/codeprojects/webswing-examples-20.1/tmp/release/WEB-INF_swing-boot_webswing-app-toolkit-20.1.jar:/Users/ggar/Documents/codeprojects/webswing-examples-20.1/tmp/release/WEB-INF_swing-boot_java.desktop.modpatch-1.jar:/Library/Java/JavaVirtualMachines/jdk1.8.0_241.jdk/Contents/Home/jre/lib/ext/jaccess.jar, -Djavax.sound.sampled.Clip=org.webswing.audio.AudioMixerProvider, -noverify, -Dwebswing.allowAutoDownload=true, -Dwebswing.jsLinkWhitelist=*, -Dwebswing.initialUrl=http://localhost:8080/kolmafia/, -Dwebswing.sessionTimeoutIfInactive=false, -Dawt.toolkit=org.webswing.toolkit.WebToolkit8, -Dwebswing.tempDirPath=file:/Users/ggar/Documents/codeprojects/webswing-examples-20.1/tmp/release/, -Dwebswing.printerJobDelegate=org.webswing.toolkit.WebPrinterJob, -Dwebswing.allowJsLink=true, -Dwebswing.transparentFileSave=true, -Dwebswing.allowUpload=true, -Dwebswing.directdraw.supported=true, -Dwebswing.sessionTimeoutSec=300, -Dwebswing.screenHeight=696, -Dwebswing.accessibilityEnabled=false, -Dwebswing.isolatedFs=false, -Dwebswing.allowDownload=true, -Dwebswing.transparentFileOpen=true, -Dwebswing.jmsUrl=nio://127.0.0.1:34455, -Dwebswing.allowDelete=true, -Dwebswing.clientId=kolmafia_admin_f71b443a4f55_1586614963962, -Dwebswing.mainClass=net.sourceforge.kolmafia.KoLmafia, -Dwebswing.applicationHome=/Users/ggar/Documents/codeprojects/webswing-examples-20.1, -Dwebswing.compositingWindowManager=false, -Dwebswing.screenWidth=1309, -Djava.awt.printerjob=org.webswing.toolkit.WebPrinterJobWrapper, -Dwebswing.allowLocalClipboard=true, -Dwebswing.messagingApiTopicName=msgApiSharedTopic/kolmafia, -Dwebswing.classPath=KoLMafia-20.3.jar, -Dwebswing.appId=/kolmafia, -Dwebswing.directdraw=true, -Dwebswing.transfer.dir=/Users/ggar/Documents/codeprojects/webswing-examples-20.1/admin/upload, -Dwebswing.theme=Murrine, -Dwebswing.touchMode=false, -Djava.awt.graphicsenv=org.webswing.toolkit.ge.WebGraphicsEnvironment8, -Djava.awt.headless=false, -Dwebswing.jmsQueueId=kolmafia_admin_f71b443a4f55_1586614963962, -Dwebswing.dockMode=ALL, -Dwebswing.testMode=false, -cp, /Users/ggar/Documents/codeprojects/webswing-examples-20.1/webswing-server.war, main.Main]
2020-04-11 10:22:44,682 INFO  [Webswing Process Handler] (SwingProcessImpl.java:324) [kolmafia_admin_f71b443a4f55_1586614963962] INFO: JPDFWriter library not found on classpath, fallback to FreeHEP PDF service.
2020-04-11 10:22:45,082 INFO  [Webswing Process Handler] (SwingProcessImpl.java:324) [kolmafia_admin_f71b443a4f55_1586614963962] INFO: ClassModificationRegister: lock acquired.
2020-04-11 10:22:45,082 INFO  [Webswing Process Handler] (SwingProcessImpl.java:324) [kolmafia_admin_f71b443a4f55_1586614963962] INFO: Webswing Event Dispatcher: org.webswing.dispatch.WebEventDispatcher
2020-04-11 10:22:45,082 INFO  [Webswing Process Handler] (SwingProcessImpl.java:324) [kolmafia_admin_f71b443a4f55_1586614963962] INFO: Webswing Paint Dispatcher: org.webswing.dispatch.WebPaintDispatcher
2020-04-11 10:22:45,181 INFO  [Webswing Process Handler] (SwingProcessImpl.java:324) [kolmafia_admin_f71b443a4f55_1586614963962] 
2020-04-11 10:22:45,181 INFO  [Webswing Process Handler] (SwingProcessImpl.java:324) [kolmafia_admin_f71b443a4f55_1586614963962] KoLmafia v20.3
2020-04-11 10:22:45,181 INFO  [Webswing Process Handler] (SwingProcessImpl.java:324) [kolmafia_admin_f71b443a4f55_1586614963962] Released on March 28, 2020
2020-04-11 10:22:45,181 INFO  [Webswing Process Handler] (SwingProcessImpl.java:324) [kolmafia_admin_f71b443a4f55_1586614963962] 
2020-04-11 10:22:45,182 INFO  [Webswing Process Handler] (SwingProcessImpl.java:324) [kolmafia_admin_f71b443a4f55_1586614963962] Currently Running on Mac OS X
2020-04-11 10:22:45,182 INFO  [Webswing Process Handler] (SwingProcessImpl.java:324) [kolmafia_admin_f71b443a4f55_1586614963962] Local Directory is /Users/ggar/Library/Application Support/KoLmafia
2020-04-11 10:22:45,182 INFO  [Webswing Process Handler] (SwingProcessImpl.java:324) [kolmafia_admin_f71b443a4f55_1586614963962] Using Java 1.8.0_241
2020-04-11 10:22:45,182 INFO  [Webswing Process Handler] (SwingProcessImpl.java:324) [kolmafia_admin_f71b443a4f55_1586614963962] 
2020-04-11 10:22:49,482 ERROR [Webswing Process Handler] (SwingProcessImpl.java:322) [kolmafia_admin_f71b443a4f55_1586614963962] 4865 [AWT-EventQueue-0] WARN org.webswing.services.impl.ddutil.FastDirectDrawServicesAdapter - Logical font Dialog not defined in font configuration. Using default browser counterpart.
2020-04-11 10:23:02,283 ERROR [Webswing Process Handler] (SwingProcessImpl.java:322) [kolmafia_admin_f71b443a4f55_1586614963962] 17675 [AWT-EventQueue-0] WARN org.webswing.services.impl.ddutil.FastDirectDrawServicesAdapter - Logical font SansSerif not defined in font configuration. Using default browser counterpart.
2020-04-11 10:23:35,683 ERROR [Webswing Process Handler] (SwingProcessImpl.java:322) [kolmafia_admin_f71b443a4f55_1586614963962] 51103 [AWT-EventQueue-0] WARN org.webswing.services.impl.ddutil.FastDirectDrawServicesAdapter - Logical font Serif not defined in font configuration. Using default browser counterpart.
2020-04-11 10:26:22,821 INFO  [qtp250075633-44] (GlobalUrlHandler.java:153) Loading master security module.({module=EMBEDED, config={users=[{username=ggar, password=$hashed$G13eITSwyLoZ-SgdOtqy3JSciii8-zQopchIZHhNRvI, roles=[admin]}, {username=support, password=$hashed$EVZdX6twCVrlAbnjUcm1Iq-FXAWr6G4mGFkpvOGlWSc, roles=[support]}, {username=user, password=$hashed$T6C-Lf7ADqO-fQA6Fu29ubSFhlX9_TOgJNW5Uytt4PM, roles=[]}], extensions=[]}, classPath=[]}).
2020-04-11 10:26:22,823 INFO  [qtp250075633-44] (DefaultConfigurationProvider.java:247) App configuration for path '/' changed.
2020-04-11 10:26:49,190 INFO  [Webswing Process Handler] (SwingProcessImpl.java:324) [kolmafia_admin_f71b443a4f55_1586614963962] WARNING: Session inactive for 60 seconds.
2020-04-11 10:27:49,491 INFO  [Webswing Process Handler] (SwingProcessImpl.java:324) [kolmafia_admin_f71b443a4f55_1586614963962] WARNING: Session inactive for 120 seconds.
2020-04-11 10:28:48,693 INFO  [Webswing Process Handler] (SwingProcessImpl.java:324) [kolmafia_admin_f71b443a4f55_1586614963962] WARNING: Session inactive for 180 seconds.
2020-04-11 10:29:48,994 INFO  [Webswing Process Handler] (SwingProcessImpl.java:324) [kolmafia_admin_f71b443a4f55_1586614963962] WARNING: Session inactive for 240 seconds.
2020-04-11 10:30:49,247 INFO  [ActiveMQ Session Task-1] (SwingProcessImpl.java:142) Waiting 30000ms for app process kolmafia_admin_f71b443a4f55_1586614963962 to end.
2020-04-11 10:30:49,296 INFO  [Webswing Process Handler] (SwingProcessImpl.java:324) [kolmafia_admin_f71b443a4f55_1586614963962] WARNING: Session inactive for 300 seconds.
2020-04-11 10:30:49,296 INFO  [Webswing Process Handler] (SwingProcessImpl.java:324) [kolmafia_admin_f71b443a4f55_1586614963962] INFO: (Inactivity) Application Shutdown scheduled. (delayed by 0 seconds).
2020-04-11 10:30:49,296 INFO  [Webswing Process Handler] (SwingProcessImpl.java:324) [kolmafia_admin_f71b443a4f55_1586614963962] WARNING: Exiting application due to inactivity for 300 seconds.
2020-04-11 10:30:49,297 INFO  [Webswing Process Handler] (SwingProcessImpl.java:324) [kolmafia_admin_f71b443a4f55_1586614963962] INFO: No shutdown listener found. Using default shutdown procedure.
2020-04-11 10:30:49,796 INFO  [Webswing Process Handler] (SwingProcessImpl.java:158) [kolmafia_admin_f71b443a4f55_1586614963962] app process terminated. 
